2023/12/4 下午10:33:46 [right meow!] error: error!
2023/12/4 下午10:33:47 [right meow!] error: error!
2023/12/4 下午10:33:48 [right meow!] error: error!
2023/12/4 下午10:33:48 [right meow!] error: error!
2023/12/4 下午10:33:49 [right meow!] error: error!
2023/12/4 下午10:39:38 [RECOG-SYS] error: error!
2023/12/4 下午10:39:50 [RECOG-SYS] error: error!
2023/12/4 下午10:44:39 [RECOG-SYS] error: Url: /logger, Method: GET, Msg: console.logg is not a function
2023/12/4 下午10:44:45 [RECOG-SYS] error: Url: /logger, Method: GET, Msg: console.logg is not a function
2023/12/4 下午10:49:18 [RECOG-SYS] error: Url: /logger, Method: GET, Msg: console.logg is not a function
2023/12/4 下午10:49:59 [RECOG-SYS] error: Url: /logger, Method: GET, Msg: console.logg is not a function
2023/12/4 下午10:49:59 [RECOG-SYS] error: Url: /logger, Method: GET, Msg: console.logg is not a function
2023/12/4 下午10:50:00 [RECOG-SYS] error: Url: /logger, Method: GET, Msg: console.logg is not a function
2023/12/4 下午10:51:04 [RECOG-SYS] error: Url: /logger, Method: GET, Msg: console.logg is not a function
2023/12/4 下午10:57:13 [RECOG-SYS] error: Url: /loggerNormal, Method: GET, Detail: console.logg is not a function
2023/12/4 下午10:57:14 [RECOG-SYS] error: Url: /loggerError, Method: GET, Detail: console.logg is not a function
2023/12/4 下午10:57:21 [RECOG-SYS] error: Url: /loggerNormal, Method: GET, Detail: console.logg is not a function
2023/12/4 下午10:57:21 [RECOG-SYS] error: Url: /loggerError, Method: GET, Detail: console.logg is not a function
2023/12/4 下午10:58:29 [RECOG-SYS] error: Url: /loggerError, Method: GET, Detail: console.logg is not a function
2023/12/4 下午10:59:30 [RECOG-SYS] error: Url: /loggerError, Method: GET, Detail: console.logg is not a function
2023/12/4 下午10:59:52 [RECOG-SYS] error: Url: /loggerError, Method: GET, Detail: console.logg is not a function
2023/12/4 下午10:59:53 [RECOG-SYS] error: Url: /loggerError, Method: GET, Detail: console.logg is not a function
2023/12/4 下午11:00:03 [RECOG-SYS] error: Url: /loggerError, Method: GET, Detail: console.logg is not a function
2023/12/4 下午11:00:13 [RECOG-SYS] error: Url: /loggerError, Method: GET, Detail: console.logg is not a function
2023/12/4 下午11:00:15 [RECOG-SYS] error: Url: /loggerError, Method: GET, Detail: console.logg is not a function
2023/12/4 下午11:00:35 [RECOG-SYS] error: Url: /loggerError, Method: GET, Detail: console.logg is not a function
2023/12/4 下午11:00:37 [RECOG-SYS] error: Url: /loggerError, Method: GET, Detail: console.logg is not a function
2023/12/4 下午11:00:46 [RECOG-SYS] error: Url: /loggerError, Method: GET, Detail: console.logg is not a function
2023/12/4 下午11:00:47 [RECOG-SYS] error: Url: /loggerError, Method: GET, Detail: console.logg is not a function
2023/12/4 下午11:00:51 [RECOG-SYS] error: Url: /loggerError, Method: GET, Detail: console.logg is not a function
2023/12/4 下午11:02:41 [RECOG-SYS] error: Url: /loggerError, Method: GET, Detail: console.logg is not a function
2023/12/4 下午11:02:49 [RECOG-SYS] error: Url: /loggerError, Method: GET, Detail: console.logg is not a function
2023/12/4 下午11:02:50 [RECOG-SYS] error: Url: /loggerError, Method: GET, Detail: console.logg is not a function
2023/12/4 下午11:02:50 [RECOG-SYS] error: Url: /loggerError, Method: GET, Detail: console.logg is not a function
2023/12/4 下午11:20:36 [RECOG-SYS] error: Url: /loggerNormal, Method: GET, Detail: logger is not defined
2023/12/4 下午11:20:37 [RECOG-SYS] error: Url: /loggerError, Method: GET, Detail: logger is not defined
2023/12/4 下午11:38:26 [RECOG-SYS] error: Url: /loggerError, Method: GET, Detail: console.logg is not a function
2023/12/4 下午11:40:27 [RECOG-SYS] error: Url: /loggerError, Method: GET, Detail: console.logg is not a function
2023/12/4 下午11:41:48 [RECOG-SYS] error: Url: /loggerError, Method: GET, Detail: console.logg is not a function
2023/12/4 下午11:42:09 [RECOG-SYS] error: Url: /loggerError, Method: GET, Detail: console.logg is not a function
2023/12/4 下午11:46:22 [RECOG-SYS] error: Url: /loggerError, Method: GET, Detail: console.logg is not a function
2023/12/4 下午11:46:47 [RECOG-SYS] error: Url: /loggerError, Method: GET, Detail: console.logg is not a function
2023/12/4 下午11:47:54 [RECOG-SYS] error: Url: /loggerError, Method: GET, Detail: console.logg is not a function
2023/12/4 下午11:48:57 [RECOG-SYS] error: Url: /loggerError, Method: GET, Detail: console.logg is not a function
2023/12/4 下午11:49:27 [RECOG-SYS] error: Url: /loggerNormal, Method: GET, Detail: Not Found
2023/12/4 下午11:49:27 [RECOG-SYS] error: Url: /loggerError, Method: GET, Detail: console.logg is not a function
2023/12/4 下午11:49:36 [RECOG-SYS] error: Url: /loggerNormal, Method: GET, Detail: Not Found
2023/12/4 下午11:49:36 [RECOG-SYS] error: Url: /loggerError, Method: GET, Detail: console.logg is not a function
2023/12/4 下午11:49:43 [RECOG-SYS] error: Url: /loggerError, Method: GET, Detail: console.logg is not a function
2023/12/4 下午11:52:11 [RECOG-SYS] error: Url: /loggerError, Method: GET, Detail: console.logg is not a function
2023/12/4 下午11:54:52 [RECOG-SYS] error: Url: /loggerError, Method: GET, Detail: console.logg is not a function
2023/12/4 下午11:55:24 [RECOG-SYS] error: Url: /loggerError, Method: GET, Detail: console.logg is not a function
2023/12/4 下午11:55:41 [RECOG-SYS] error: Url: /loggerError, Method: GET, Detail: console.logg is not a function
2023/12/4 下午11:56:02 [RECOG-SYS] error: Url: /loggerError, Method: GET, Detail: console.logg is not a function
2023/12/4 下午11:56:02 [RECOG-SYS] error: Url: /loggerError, Method: GET, Detail: console.logg is not a function
2023/12/4 下午11:58:56 [RECOG-SYS] error: Url: /loggerError, Method: GET, Detail: console.logg is not a function
2023/12/4 下午11:59:36 [RECOG-SYS] error: Url: /loggerError, Method: GET, Detail: console.logg is not a function
2023/12/4 下午11:59:40 [RECOG-SYS] error: Url: /loggerError, Method: GET, Detail: console.logg is not a function
2023/12/4 下午11:59:47 [RECOG-SYS] error: Url: /loggerError, Method: GET, Detail: console.logg is not a function
2023/12/5 上午12:00:14 [RECOG-SYS] error: Url: /loggerError, Method: GET, Detail: console.logg is not a function
2023/12/5 上午12:00:37 [RECOG-SYS] error: Url: /loggerError, Method: GET, Detail: console.logg is not a function
2023/12/5 上午12:01:07 [RECOG-SYS] error: Url: /loggerError, Method: GET, Detail: console.logg is not a function
2023/12/5 上午12:02:51 [RECOG-SYS] error: Url: /loggerError, Method: GET, Detail: console.logg is not a function
2023/12/5 下午9:06:42 [RECOG-SYS] error: [Url] /, [Method] GET, [Detail] ===== Request start =====
2023/12/5 下午9:07:40 [RECOG-SYS] error: [Url] /, [Method] GET, [Detail] ===== Request start =====
2023/12/5 下午9:07:43 [RECOG-SYS] error: [Url] /, [Method] GET, [Detail] ===== Request start =====
2023/12/5 下午9:08:04 [RECOG-SYS] error: [Url] /, [Method] GET, [Detail] ===== Request start =====
2023/12/5 下午9:08:37 [RECOG-SYS] error: [Url] /, [Method] GET, [Detail] ===== Request start =====
2023/12/5 下午9:09:33 [RECOG-SYS] error: [Url] /loggerNormal, [Method] GET, [Detail] ===== Request start =====
2023/12/5 下午9:12:04 [RECOG-SYS] error: [Url] /loggerNormal, [Method] GET, [Detail] ===== Request start =====
2023/12/5 下午9:12:04 [RECOG-SYS] error: [Url] /loggerError, [Method] GET, [Detail] ===== Request start =====
2023/12/5 下午9:12:16 [RECOG-SYS] error: [Url] /loggerNormal, [Method] GET, [Detail] ===== Request start =====
2023/12/5 下午9:12:16 [RECOG-SYS] error: [Url] /loggerError, [Method] GET, [Detail] ===== Request start =====
2023/12/5 下午9:12:48 [RECOG-SYS] error: [Url] /loggerNormal, [Method] GET, [Detail] ===== Request start =====
2023/12/5 下午9:12:49 [RECOG-SYS] error: [Url] /loggerError, [Method] GET, [Detail] ===== Request start =====
2023/12/5 下午9:13:57 [RECOG-SYS] error: [Url] /loggerError, [Method] GET, [Detail] ===== Request start =====
2023/12/5 下午9:31:58 [RECOG-SYS] error: [Url] /sheet/create/apple, [Method] POST, [Detail] ===== Request start =====
2023/12/5 下午9:33:55 [RECOG-SYS] error: [Url] /sheet/create/apple, [Method] POST, [Detail] ===== Request start =====
2023/12/5 下午9:34:37 [RECOG-SYS] error: [Url] /sheet/create/apple, [Method] POST, [Detail] ===== Request start =====
2023/12/5 下午9:35:35 [RECOG-SYS] error: [Url] /sheet/create/apple, [Method] POST, [Detail] ===== Request start =====
2023/12/5 下午9:36:03 [RECOG-SYS] error: [Url] /sheet/create/apple, [Method] POST, [Detail] ===== Request start =====
2023/12/5 下午9:36:19 [RECOG-SYS] error: [Url] /sheet/create/apple, [Method] POST, [Detail] ===== Request start =====
2023/12/5 下午9:39:11 [RECOG-SYS] error: [Url] /sheet/create/apple, [Method] POST, [Detail] ===== Request start =====
2023/12/5 下午9:39:29 [RECOG-SYS] error: [Url] /sheet/create/apple, [Method] POST, [Detail] ===== Request start =====
2023/12/5 下午9:47:35 [RECOG-SYS] error: [Url] /sheet/create/apple, [Method] POST, [Detail] ===== Request start =====
2023/12/5 下午9:48:59 [RECOG-SYS] error: [Url] /sheet/create/apple, [Method] POST, [Detail] ===== Request start =====
2023/12/5 下午9:49:32 [RECOG-SYS] error: [Url] /sheet/create/apple, [Method] POST, [Detail] ===== Request start =====
2023/12/5 下午9:57:21 [RECOG-SYS] error: [Url] /sheet/create/apple, [Method] POST, [Detail] ===== Request start =====
2023/12/5 下午10:05:18 [RECOG-SYS] error: [Url] /sheet/create/apple, [Method] POST, [Detail] ===== Request start =====
2023/12/6 上午12:16:37 [RECOG-SYS] error: [Detail] ReferenceError: getValues is not defined
2023/12/6 上午12:17:08 [RECOG-SYS] error: [Detail] ReferenceError: getValues is not defined
2023/12/6 上午12:48:55 [RECOG-SYS] error: [Detail] Error: Missing required parameters: spreadsheetId, range
2023/12/6 上午12:51:34 [RECOG-SYS] error: [Detail] Error: The caller does not have permission
2023/12/6 上午12:51:39 [RECOG-SYS] error: [Detail] Error: The caller does not have permission
2023/12/6 上午12:53:54 [RECOG-SYS] error: [Detail] Error: The caller does not have permission
2023/12/6 上午12:55:36 [RECOG-SYS] error: [Detail] [Final Trigger]
2023/12/6 上午12:55:36 [RECOG-SYS] error: [Detail] Error: The caller does not have permission
12/6/2023, 5:25:27 PM [RECOG-SYS] error: [Detail] [Final Trigger]
12/6/2023, 5:25:27 PM [RECOG-SYS] error: [Detail] Error: Requested writing within range [evaluationList!A2:C2], but tried writing to column [E]
12/6/2023, 5:26:16 PM [RECOG-SYS] error: [Detail] [Final Trigger]
12/6/2023, 5:26:16 PM [RECOG-SYS] error: [Detail] Error: Requested writing within range [evaluationList!A2:C2], but tried writing to column [E]
12/6/2023, 5:27:37 PM [RECOG-SYS] error: [Detail] [Final Trigger]
12/6/2023, 5:27:37 PM [RECOG-SYS] error: [Detail] Error: Requested writing within range [evaluationList!A2:C2], but tried writing to column [E]
2023/12/6 下午9:52:38 [RECOG-SYS] error: [Detail] [Final Trigger]
2023/12/6 下午9:52:38 [RECOG-SYS] error: [Detail] TypeError: logger is not a function
2023/12/6 下午9:52:49 [RECOG-SYS] error: [Detail] [Final Trigger]
2023/12/6 下午9:52:49 [RECOG-SYS] error: [Detail] TypeError: logger is not a function
2023/12/6 下午10:30:24 [RECOG-SYS] error: [Detail] [Final Trigger]
2023/12/6 下午10:30:24 [RECOG-SYS] error: [Detail] TypeError: Cannot destructure property 'refresh_token' of 'req.session.tokens' as it is undefined.
2023/12/6 下午10:31:44 [RECOG-SYS] error: [Detail] [Final Trigger]
2023/12/6 下午10:31:44 [RECOG-SYS] error: [Detail] TypeError: Cannot destructure property 'refresh_token' of 'req.session.tokens' as it is undefined.
2023/12/6 下午10:31:56 [RECOG-SYS] error: [Detail] [Final Trigger]
2023/12/6 下午10:31:56 [RECOG-SYS] error: [Detail] TypeError: Cannot destructure property 'refresh_token' of 'req.session.tokens' as it is undefined.
2023/12/6 下午10:38:21 [RECOG-SYS] error: [Detail] [Final Trigger]
2023/12/6 下午10:38:21 [RECOG-SYS] error: [Detail] TypeError: Cannot destructure property 'refresh_token' of 'req.session.tokens' as it is undefined.
2023/12/6 下午10:38:24 [RECOG-SYS] error: [Detail] [Final Trigger]
2023/12/6 下午10:38:24 [RECOG-SYS] error: [Detail] TypeError: Cannot destructure property 'refresh_token' of 'req.session.tokens' as it is undefined.
12/7/2023, 10:32:53 AM [RECOG-SYS] error: [Detail] [Final Trigger]
12/7/2023, 10:32:53 AM [RECOG-SYS] error: [Detail] Error: connect ETIMEDOUT 129.148.178.40:25
12/7/2023, 10:33:37 AM [RECOG-SYS] error: [Detail] [Final Trigger]
12/7/2023, 10:33:37 AM [RECOG-SYS] error: [Detail] Error: connect ETIMEDOUT 129.148.178.40:25
12/7/2023, 10:37:49 AM [RECOG-SYS] error: [Detail] [Final Trigger]
12/7/2023, 10:37:49 AM [RECOG-SYS] error: [Detail] Error: connect ETIMEDOUT 129.148.178.40:25
12/7/2023, 10:49:49 AM [RECOG-SYS] error: [Detail] [Final Trigger]
12/7/2023, 10:49:49 AM [RECOG-SYS] error: [Detail] Error: connect ETIMEDOUT 129.148.178.40:25
12/7/2023, 10:50:42 AM [RECOG-SYS] error: [Detail] [Final Trigger]
12/7/2023, 10:50:42 AM [RECOG-SYS] error: [Detail] Error: connect ETIMEDOUT 129.148.178.40:25
12/7/2023, 2:30:42 PM [RECOG-SYS] error: [Detail] [Final Trigger]
12/7/2023, 2:30:42 PM [RECOG-SYS] error: [Detail] Error: connect ETIMEDOUT 129.148.178.40:25
12/7/2023, 2:44:21 PM [RECOG-SYS] error: [Detail] [Final Trigger]
12/7/2023, 2:44:21 PM [RECOG-SYS] error: [Detail] Error: connect ETIMEDOUT 129.148.178.40:25
12/7/2023, 3:40:56 PM [RECOG-SYS] error: [Detail] [Final Trigger]
12/7/2023, 3:40:56 PM [RECOG-SYS] error: [Detail] Error: connect ETIMEDOUT 129.148.178.40:25
12/7/2023, 4:50:23 PM [RECOG-SYS] error: [Detail] [Final Trigger]
12/7/2023, 4:50:23 PM [RECOG-SYS] error: [Detail] Error: connect ETIMEDOUT 129.148.178.40:25
12/7/2023, 4:56:21 PM [RECOG-SYS] error: [Detail] [Final Trigger]
12/7/2023, 4:56:21 PM [RECOG-SYS] error: [Detail] Error: connect ETIMEDOUT 129.148.178.40:25
12/7/2023, 8:07:15 PM [RECOG-SYS] error: [Detail] [Final Trigger]
12/7/2023, 8:07:15 PM [RECOG-SYS] error: [Detail] Error: connect ETIMEDOUT 129.148.178.40:25
12/7/2023, 8:10:00 PM [RECOG-SYS] error: [Detail] [Final Trigger]
12/7/2023, 8:10:00 PM [RECOG-SYS] error: [Detail] Error: connect ETIMEDOUT 129.148.178.40:25
12/7/2023, 10:59:19 PM [RECOG-SYS] error: [Detail] [Final Trigger]
12/7/2023, 10:59:19 PM [RECOG-SYS] error: [Detail] Error: connect ETIMEDOUT 129.148.178.40:25
12/7/2023, 11:04:35 PM [RECOG-SYS] error: [Detail] [Final Trigger]
12/7/2023, 11:04:35 PM [RECOG-SYS] error: [Detail] Error: connect ETIMEDOUT 129.148.178.40:25
12/7/2023, 11:08:46 PM [RECOG-SYS] error: [Detail] SEND-EMAIL-ERROR:Error: connect ETIMEDOUT 129.148.178.40:25
12/7/2023, 11:08:46 PM [RECOG-SYS] error: [Detail] [Final Trigger]
12/7/2023, 11:08:46 PM [RECOG-SYS] error: [Detail] Error: connect ETIMEDOUT 129.148.178.40:25
12/7/2023, 11:12:37 PM [RECOG-SYS] error: [Detail] SEND-EMAIL-ERROR:Error: connect ETIMEDOUT 129.148.178.40:25
12/7/2023, 11:12:37 PM [RECOG-SYS] error: [Detail] [Final Trigger]
12/7/2023, 11:12:37 PM [RECOG-SYS] error: [Detail] Error: connect ETIMEDOUT 129.148.178.40:25
12/7/2023, 11:20:51 PM [RECOG-SYS] error: [Detail] SEND-EMAIL-ERROR:Error: connect ETIMEDOUT 129.148.178.40:25
12/7/2023, 11:20:51 PM [RECOG-SYS] error: [Detail] [Final Trigger]
12/7/2023, 11:20:51 PM [RECOG-SYS] error: [Detail] Error: connect ETIMEDOUT 129.148.178.40:25
12/7/2023, 11:25:21 PM [RECOG-SYS] error: [Detail] SEND-EMAIL-ERROR:Error: connect ETIMEDOUT 129.148.178.40:25
12/7/2023, 11:25:21 PM [RECOG-SYS] error: [Detail] [Final Trigger]
12/7/2023, 11:25:21 PM [RECOG-SYS] error: [Detail] Error: connect ETIMEDOUT 129.148.178.40:25
12/7/2023, 11:50:38 PM [RECOG-SYS] error: [Detail] SEND-EMAIL-ERROR:Error: connect ETIMEDOUT 129.148.178.40:465
12/7/2023, 11:50:38 PM [RECOG-SYS] error: [Detail] [Final Trigger]
12/7/2023, 11:50:38 PM [RECOG-SYS] error: [Detail] Error: connect ETIMEDOUT 129.148.178.40:465
12/7/2023, 11:51:48 PM [RECOG-SYS] error: [Detail] [Final Trigger]
12/7/2023, 11:51:48 PM [RECOG-SYS] error: [Detail] ReferenceError: normalResp is not defined
