2023/12/4 下午10:32:44 [right meow!] info: Hello distributed log files!
2023/12/4 下午10:32:44 [right meow!] info: Hello again distributed logsssss
2023/12/4 下午10:33:21 [right meow!] info: Hello distributed log files!
2023/12/4 下午10:33:21 [right meow!] info: Hello again distributed logsssss
2023/12/4 下午10:33:45 [right meow!] info: Hello distributed log files!
2023/12/4 下午10:33:45 [right meow!] info: Hello again distributed logsssss
2023/12/4 下午10:33:46 [right meow!] error: error!
2023/12/4 下午10:33:47 [right meow!] error: error!
2023/12/4 下午10:33:48 [right meow!] error: error!
2023/12/4 下午10:33:48 [right meow!] error: error!
2023/12/4 下午10:33:49 [right meow!] error: error!
2023/12/4 下午10:39:38 [RECOG-SYS] error: error!
2023/12/4 下午10:39:50 [RECOG-SYS] error: error!
2023/12/4 下午10:44:39 [RECOG-SYS] error: Url: /logger, Method: GET, Msg: console.logg is not a function
2023/12/4 下午10:44:45 [RECOG-SYS] error: Url: /logger, Method: GET, Msg: console.logg is not a function
2023/12/4 下午10:49:18 [RECOG-SYS] info: [object Object]
2023/12/4 下午10:49:18 [RECOG-SYS] error: Url: /logger, Method: GET, Msg: console.logg is not a function
2023/12/4 下午10:49:59 [RECOG-SYS] info: Url: /logger, Method: GET, Msg: Call/loggerstart.
2023/12/4 下午10:49:59 [RECOG-SYS] error: Url: /logger, Method: GET, Msg: console.logg is not a function
2023/12/4 下午10:49:59 [RECOG-SYS] info: Url: /logger, Method: GET, Msg: Call/loggerstart.
2023/12/4 下午10:49:59 [RECOG-SYS] error: Url: /logger, Method: GET, Msg: console.logg is not a function
2023/12/4 下午10:50:00 [RECOG-SYS] info: Url: /logger, Method: GET, Msg: Call/loggerstart.
2023/12/4 下午10:50:00 [RECOG-SYS] error: Url: /logger, Method: GET, Msg: console.logg is not a function
2023/12/4 下午10:51:04 [RECOG-SYS] info: Url: /logger, Method: GET, Msg: Request/logger start
2023/12/4 下午10:51:04 [RECOG-SYS] error: Url: /logger, Method: GET, Msg: console.logg is not a function
2023/12/4 下午10:57:13 [RECOG-SYS] info: Url: /loggerNormal, Method: GET, Detail: ===== Request start =====
2023/12/4 下午10:57:13 [RECOG-SYS] error: Url: /loggerNormal, Method: GET, Detail: console.logg is not a function
2023/12/4 下午10:57:14 [RECOG-SYS] info: Url: /loggerError, Method: GET, Detail: ===== Request start =====
2023/12/4 下午10:57:14 [RECOG-SYS] error: Url: /loggerError, Method: GET, Detail: console.logg is not a function
2023/12/4 下午10:57:21 [RECOG-SYS] info: Url: /loggerNormal, Method: GET, Detail: ===== Request start =====
2023/12/4 下午10:57:21 [RECOG-SYS] error: Url: /loggerNormal, Method: GET, Detail: console.logg is not a function
2023/12/4 下午10:57:21 [RECOG-SYS] info: Url: /loggerError, Method: GET, Detail: ===== Request start =====
2023/12/4 下午10:57:21 [RECOG-SYS] error: Url: /loggerError, Method: GET, Detail: console.logg is not a function
2023/12/4 下午10:58:29 [RECOG-SYS] info: Url: /loggerNormal, Method: GET, Detail: ===== Request start =====
2023/12/4 下午10:58:29 [RECOG-SYS] info: Url: /loggerError, Method: GET, Detail: ===== Request start =====
2023/12/4 下午10:58:29 [RECOG-SYS] error: Url: /loggerError, Method: GET, Detail: console.logg is not a function
2023/12/4 下午10:59:30 [RECOG-SYS] info: Url: /loggerNormal, Method: GET, Detail: ===== Request start =====
2023/12/4 下午10:59:30 [RECOG-SYS] info: Url: /loggerError, Method: GET, Detail: ===== Request start =====
2023/12/4 下午10:59:30 [RECOG-SYS] error: Url: /loggerError, Method: GET, Detail: console.logg is not a function
2023/12/4 下午10:59:52 [RECOG-SYS] info: Url: /loggerNormal, Method: GET, Detail: ===== Request start =====
2023/12/4 下午10:59:52 [RECOG-SYS] info: Url: /loggerError, Method: GET, Detail: ===== Request start =====
2023/12/4 下午10:59:52 [RECOG-SYS] error: Url: /loggerError, Method: GET, Detail: console.logg is not a function
2023/12/4 下午10:59:53 [RECOG-SYS] info: Url: /loggerNormal, Method: GET, Detail: ===== Request start =====
2023/12/4 下午10:59:53 [RECOG-SYS] info: Url: /loggerError, Method: GET, Detail: ===== Request start =====
2023/12/4 下午10:59:53 [RECOG-SYS] error: Url: /loggerError, Method: GET, Detail: console.logg is not a function
2023/12/4 下午11:00:02 [RECOG-SYS] info: Url: /loggerNormal, Method: GET, Detail: ===== Request start =====
2023/12/4 下午11:00:03 [RECOG-SYS] info: Url: /loggerError, Method: GET, Detail: ===== Request start =====
2023/12/4 下午11:00:03 [RECOG-SYS] error: Url: /loggerError, Method: GET, Detail: console.logg is not a function
2023/12/4 下午11:00:13 [RECOG-SYS] info: Url: /loggerNormal, Method: GET, Detail: ===== Request start =====
2023/12/4 下午11:00:13 [RECOG-SYS] info: Url: /loggerError, Method: GET, Detail: ===== Request start =====
2023/12/4 下午11:00:13 [RECOG-SYS] error: Url: /loggerError, Method: GET, Detail: console.logg is not a function
2023/12/4 下午11:00:15 [RECOG-SYS] info: Url: /loggerNormal, Method: GET, Detail: ===== Request start =====
2023/12/4 下午11:00:15 [RECOG-SYS] info: Url: /loggerError, Method: GET, Detail: ===== Request start =====
2023/12/4 下午11:00:15 [RECOG-SYS] error: Url: /loggerError, Method: GET, Detail: console.logg is not a function
2023/12/4 下午11:00:35 [RECOG-SYS] info: Url: /loggerNormal, Method: GET, Detail: ===== Request start =====
2023/12/4 下午11:00:35 [RECOG-SYS] info: Url: /loggerError, Method: GET, Detail: ===== Request start =====
2023/12/4 下午11:00:35 [RECOG-SYS] error: Url: /loggerError, Method: GET, Detail: console.logg is not a function
2023/12/4 下午11:00:37 [RECOG-SYS] info: Url: /loggerNormal, Method: GET, Detail: ===== Request start =====
2023/12/4 下午11:00:37 [RECOG-SYS] info: Url: /loggerError, Method: GET, Detail: ===== Request start =====
2023/12/4 下午11:00:37 [RECOG-SYS] error: Url: /loggerError, Method: GET, Detail: console.logg is not a function
2023/12/4 下午11:00:46 [RECOG-SYS] info: Url: /loggerNormal, Method: GET, Detail: ===== Request start =====
2023/12/4 下午11:00:46 [RECOG-SYS] info: Url: /loggerError, Method: GET, Detail: ===== Request start =====
2023/12/4 下午11:00:46 [RECOG-SYS] error: Url: /loggerError, Method: GET, Detail: console.logg is not a function
2023/12/4 下午11:00:47 [RECOG-SYS] info: Url: /loggerNormal, Method: GET, Detail: ===== Request start =====
2023/12/4 下午11:00:47 [RECOG-SYS] info: Url: /loggerError, Method: GET, Detail: ===== Request start =====
2023/12/4 下午11:00:47 [RECOG-SYS] error: Url: /loggerError, Method: GET, Detail: console.logg is not a function
2023/12/4 下午11:00:51 [RECOG-SYS] info: Url: /loggerNormal, Method: GET, Detail: ===== Request start =====
2023/12/4 下午11:00:51 [RECOG-SYS] info: Url: /loggerError, Method: GET, Detail: ===== Request start =====
2023/12/4 下午11:00:51 [RECOG-SYS] error: Url: /loggerError, Method: GET, Detail: console.logg is not a function
2023/12/4 下午11:01:17 [RECOG-SYS] info: Url: /loggerNormal, Method: GET, Detail: ===== Request start =====
2023/12/4 下午11:01:30 [RECOG-SYS] info: Url: /loggerNormal, Method: GET, Detail: ===== Request start =====
2023/12/4 下午11:01:31 [RECOG-SYS] info: Url: /loggerNormal, Method: GET, Detail: ===== Request start =====
2023/12/4 下午11:01:31 [RECOG-SYS] info: Url: /loggerNormal, Method: GET, Detail: ===== Request start =====
2023/12/4 下午11:02:41 [RECOG-SYS] info: Url: /loggerNormal, Method: GET, Detail: ===== Request start =====
2023/12/4 下午11:02:41 [RECOG-SYS] info: Url: /loggerNormal, Method: GET, Detail: ===== Request End =====
2023/12/4 下午11:02:41 [RECOG-SYS] info: Url: /loggerError, Method: GET, Detail: ===== Request start =====
2023/12/4 下午11:02:41 [RECOG-SYS] error: Url: /loggerError, Method: GET, Detail: console.logg is not a function
2023/12/4 下午11:02:49 [RECOG-SYS] info: Url: /loggerNormal, Method: GET, Detail: ===== Request start =====
2023/12/4 下午11:02:49 [RECOG-SYS] info: Url: /loggerNormal, Method: GET, Detail: ===== Request End =====
2023/12/4 下午11:02:49 [RECOG-SYS] info: Url: /loggerError, Method: GET, Detail: ===== Request start =====
2023/12/4 下午11:02:49 [RECOG-SYS] error: Url: /loggerError, Method: GET, Detail: console.logg is not a function
2023/12/4 下午11:02:50 [RECOG-SYS] info: Url: /loggerNormal, Method: GET, Detail: ===== Request start =====
2023/12/4 下午11:02:50 [RECOG-SYS] info: Url: /loggerNormal, Method: GET, Detail: ===== Request End =====
2023/12/4 下午11:02:50 [RECOG-SYS] info: Url: /loggerError, Method: GET, Detail: ===== Request start =====
2023/12/4 下午11:02:50 [RECOG-SYS] error: Url: /loggerError, Method: GET, Detail: console.logg is not a function
2023/12/4 下午11:02:50 [RECOG-SYS] info: Url: /loggerNormal, Method: GET, Detail: ===== Request start =====
2023/12/4 下午11:02:50 [RECOG-SYS] info: Url: /loggerNormal, Method: GET, Detail: ===== Request End =====
2023/12/4 下午11:02:50 [RECOG-SYS] info: Url: /loggerError, Method: GET, Detail: ===== Request start =====
2023/12/4 下午11:02:50 [RECOG-SYS] error: Url: /loggerError, Method: GET, Detail: console.logg is not a function
2023/12/4 下午11:20:36 [RECOG-SYS] error: Url: /loggerNormal, Method: GET, Detail: logger is not defined
2023/12/4 下午11:20:37 [RECOG-SYS] error: Url: /loggerError, Method: GET, Detail: logger is not defined
2023/12/4 下午11:23:18 [RECOG-SYS] info: Url: /loggerNormal, Method: GET, Detail: ===== Request start =====
2023/12/4 下午11:23:18 [RECOG-SYS] info: Url: /loggerNormal, Method: GET, Detail: ===== Request End =====
2023/12/4 下午11:23:18 [RECOG-SYS] info: Url: /loggerError, Method: GET, Detail: ===== Request start =====
2023/12/4 下午11:25:35 [RECOG-SYS] info: Url: /loggerNormal, Method: GET, Detail: ===== Request start =====
2023/12/4 下午11:25:35 [RECOG-SYS] info: Url: /loggerNormal, Method: GET, Detail: ===== Request End =====
2023/12/4 下午11:25:35 [RECOG-SYS] info: Url: /loggerError, Method: GET, Detail: ===== Request start =====
2023/12/4 下午11:26:31 [RECOG-SYS] info: Url: /loggerNormal, Method: GET, Detail: ===== Request start =====
2023/12/4 下午11:26:31 [RECOG-SYS] info: Url: /loggerNormal, Method: GET, Detail: ===== Request End =====
2023/12/4 下午11:26:31 [RECOG-SYS] info: Url: /loggerError, Method: GET, Detail: ===== Request start =====
2023/12/4 下午11:26:31 [RECOG-SYS] info: Url: /loggerNormal, Method: GET, Detail: ===== Request start =====
2023/12/4 下午11:26:31 [RECOG-SYS] info: Url: /loggerNormal, Method: GET, Detail: ===== Request End =====
2023/12/4 下午11:26:31 [RECOG-SYS] info: Url: /loggerError, Method: GET, Detail: ===== Request start =====
2023/12/4 下午11:27:43 [RECOG-SYS] info: Url: /loggerNormal, Method: GET, Detail: ===== Request start =====
2023/12/4 下午11:27:43 [RECOG-SYS] info: Url: /loggerNormal, Method: GET, Detail: ===== Request End =====
2023/12/4 下午11:27:43 [RECOG-SYS] info: Url: /loggerError, Method: GET, Detail: ===== Request start =====
2023/12/4 下午11:27:48 [RECOG-SYS] info: Url: /loggerNormal, Method: GET, Detail: ===== Request start =====
2023/12/4 下午11:27:48 [RECOG-SYS] info: Url: /loggerNormal, Method: GET, Detail: ===== Request End =====
2023/12/4 下午11:27:48 [RECOG-SYS] info: Url: /loggerError, Method: GET, Detail: ===== Request start =====
2023/12/4 下午11:27:49 [RECOG-SYS] info: Url: /loggerNormal, Method: GET, Detail: ===== Request start =====
2023/12/4 下午11:27:49 [RECOG-SYS] info: Url: /loggerNormal, Method: GET, Detail: ===== Request End =====
2023/12/4 下午11:27:49 [RECOG-SYS] info: Url: /loggerError, Method: GET, Detail: ===== Request start =====
2023/12/4 下午11:27:49 [RECOG-SYS] info: Url: /loggerNormal, Method: GET, Detail: ===== Request start =====
2023/12/4 下午11:27:49 [RECOG-SYS] info: Url: /loggerNormal, Method: GET, Detail: ===== Request End =====
2023/12/4 下午11:27:49 [RECOG-SYS] info: Url: /loggerError, Method: GET, Detail: ===== Request start =====
2023/12/4 下午11:31:53 [RECOG-SYS] info: Url: /loggerNormal, Method: GET, Detail: ===== Request start =====
2023/12/4 下午11:31:53 [RECOG-SYS] info: Url: /loggerNormal, Method: GET, Detail: ===== Request End =====
2023/12/4 下午11:31:54 [RECOG-SYS] info: Url: /loggerError, Method: GET, Detail: ===== Request start =====
2023/12/4 下午11:32:14 [RECOG-SYS] info: Url: /loggerNormal, Method: GET, Detail: ===== Request start =====
2023/12/4 下午11:32:14 [RECOG-SYS] info: Url: /loggerNormal, Method: GET, Detail: ===== Request End =====
2023/12/4 下午11:32:14 [RECOG-SYS] info: Url: /loggerError, Method: GET, Detail: ===== Request start =====
2023/12/4 下午11:32:54 [RECOG-SYS] info: Url: /loggerNormal, Method: GET, Detail: ===== Request start =====
2023/12/4 下午11:32:54 [RECOG-SYS] info: Url: /loggerNormal, Method: GET, Detail: ===== Request End =====
2023/12/4 下午11:32:54 [RECOG-SYS] info: Url: /loggerError, Method: GET, Detail: ===== Request start =====
2023/12/4 下午11:37:01 [RECOG-SYS] info: Url: /loggerNormal, Method: GET, Detail: ===== Request start =====
2023/12/4 下午11:37:01 [RECOG-SYS] info: Url: /loggerNormal, Method: GET, Detail: ===== Request End =====
2023/12/4 下午11:37:01 [RECOG-SYS] info: Url: /loggerError, Method: GET, Detail: ===== Request start =====
2023/12/4 下午11:38:26 [RECOG-SYS] info: Url: /loggerNormal, Method: GET, Detail: ===== Request start =====
2023/12/4 下午11:38:26 [RECOG-SYS] info: Url: /loggerNormal, Method: GET, Detail: ===== Request End =====
2023/12/4 下午11:38:26 [RECOG-SYS] info: Url: /loggerError, Method: GET, Detail: ===== Request start =====
2023/12/4 下午11:38:26 [RECOG-SYS] error: Url: /loggerError, Method: GET, Detail: console.logg is not a function
2023/12/4 下午11:40:26 [RECOG-SYS] info: Url: /loggerNormal, Method: GET, Detail: ===== Request start =====
2023/12/4 下午11:40:26 [RECOG-SYS] info: Url: /loggerNormal, Method: GET, Detail: ===== Request End =====
2023/12/4 下午11:40:27 [RECOG-SYS] info: Url: /loggerError, Method: GET, Detail: ===== Request start =====
2023/12/4 下午11:40:27 [RECOG-SYS] error: Url: /loggerError, Method: GET, Detail: console.logg is not a function
2023/12/4 下午11:41:48 [RECOG-SYS] info: Url: /loggerNormal, Method: GET, Detail: ===== Request start =====
2023/12/4 下午11:41:48 [RECOG-SYS] info: Url: /loggerNormal, Method: GET, Detail: ===== Request End =====
2023/12/4 下午11:41:48 [RECOG-SYS] info: Url: /loggerError, Method: GET, Detail: ===== Request start =====
2023/12/4 下午11:41:48 [RECOG-SYS] error: Url: /loggerError, Method: GET, Detail: console.logg is not a function
2023/12/4 下午11:42:09 [RECOG-SYS] info: Url: /loggerNormal, Method: GET, Detail: ===== Request start =====
2023/12/4 下午11:42:09 [RECOG-SYS] info: Url: /loggerNormal, Method: GET, Detail: ===== Request End =====
2023/12/4 下午11:42:09 [RECOG-SYS] info: Url: /loggerError, Method: GET, Detail: ===== Request start =====
2023/12/4 下午11:42:09 [RECOG-SYS] error: Url: /loggerError, Method: GET, Detail: console.logg is not a function
2023/12/4 下午11:44:47 [RECOG-SYS] info: Url: /loggerNormal, Method: GET, Detail: ===== Request start =====
2023/12/4 下午11:44:48 [RECOG-SYS] info: Url: /loggerError, Method: GET, Detail: ===== Request start =====
2023/12/4 下午11:46:22 [RECOG-SYS] info: Url: /loggerNormal, Method: GET, Detail: ===== Request start =====
2023/12/4 下午11:46:22 [RECOG-SYS] info: Url: /loggerError, Method: GET, Detail: ===== Request start =====
2023/12/4 下午11:46:22 [RECOG-SYS] error: Url: /loggerError, Method: GET, Detail: console.logg is not a function
2023/12/4 下午11:46:47 [RECOG-SYS] info: Url: /loggerNormal, Method: GET, Detail: ===== Request start =====
2023/12/4 下午11:46:47 [RECOG-SYS] info: Url: /loggerNormal, Method: GET, Detail: ===== Request End =====
2023/12/4 下午11:46:47 [RECOG-SYS] info: Url: /loggerError, Method: GET, Detail: ===== Request start =====
2023/12/4 下午11:46:47 [RECOG-SYS] error: Url: /loggerError, Method: GET, Detail: console.logg is not a function
2023/12/4 下午11:47:53 [RECOG-SYS] info: Url: /loggerNormal, Method: GET, Detail: ===== Request start =====
2023/12/4 下午11:47:53 [RECOG-SYS] info: Url: /loggerNormal, Method: GET, Detail: ===== Request End =====
2023/12/4 下午11:47:54 [RECOG-SYS] info: Url: /loggerError, Method: GET, Detail: ===== Request start =====
2023/12/4 下午11:47:54 [RECOG-SYS] error: Url: /loggerError, Method: GET, Detail: console.logg is not a function
2023/12/4 下午11:48:57 [RECOG-SYS] info: Url: /loggerNormal, Method: GET, Detail: ===== Request start =====
2023/12/4 下午11:48:57 [RECOG-SYS] info: Url: /loggerError, Method: GET, Detail: ===== Request start =====
2023/12/4 下午11:48:57 [RECOG-SYS] error: Url: /loggerError, Method: GET, Detail: console.logg is not a function
2023/12/4 下午11:49:27 [RECOG-SYS] info: Url: /loggerNormal, Method: GET, Detail: ===== Request start =====
2023/12/4 下午11:49:27 [RECOG-SYS] info: Url: /loggerNormal, Method: GET, Detail: ===== Request End =====
2023/12/4 下午11:49:27 [RECOG-SYS] error: Url: /loggerNormal, Method: GET, Detail: Not Found
2023/12/4 下午11:49:27 [RECOG-SYS] info: Url: /loggerError, Method: GET, Detail: ===== Request start =====
2023/12/4 下午11:49:27 [RECOG-SYS] error: Url: /loggerError, Method: GET, Detail: console.logg is not a function
2023/12/4 下午11:49:36 [RECOG-SYS] info: Url: /loggerNormal, Method: GET, Detail: ===== Request start =====
2023/12/4 下午11:49:36 [RECOG-SYS] info: Url: /loggerNormal, Method: GET, Detail: ===== Request End =====
2023/12/4 下午11:49:36 [RECOG-SYS] error: Url: /loggerNormal, Method: GET, Detail: Not Found
2023/12/4 下午11:49:36 [RECOG-SYS] info: Url: /loggerError, Method: GET, Detail: ===== Request start =====
2023/12/4 下午11:49:36 [RECOG-SYS] error: Url: /loggerError, Method: GET, Detail: console.logg is not a function
2023/12/4 下午11:49:43 [RECOG-SYS] info: Url: /loggerNormal, Method: GET, Detail: ===== Request start =====
2023/12/4 下午11:49:43 [RECOG-SYS] info: Url: /loggerNormal, Method: GET, Detail: ===== Request End =====
2023/12/4 下午11:49:43 [RECOG-SYS] info: Url: /loggerError, Method: GET, Detail: ===== Request start =====
2023/12/4 下午11:49:43 [RECOG-SYS] error: Url: /loggerError, Method: GET, Detail: console.logg is not a function
2023/12/4 下午11:52:11 [RECOG-SYS] info: Url: /loggerNormal, Method: GET, Detail: ===== Request start =====
2023/12/4 下午11:52:11 [RECOG-SYS] info: Url: /loggerNormal, Method: GET, Detail: ===== Request End =====
2023/12/4 下午11:52:11 [RECOG-SYS] info: Url: /loggerError, Method: GET, Detail: ===== Request start =====
2023/12/4 下午11:52:11 [RECOG-SYS] error: Url: /loggerError, Method: GET, Detail: console.logg is not a function
2023/12/4 下午11:54:52 [RECOG-SYS] info: Url: /loggerNormal, Method: GET, Detail: ===== Request start =====
2023/12/4 下午11:54:52 [RECOG-SYS] info: Url: /loggerNormal, Method: GET, Detail: ===== Request End =====
2023/12/4 下午11:54:52 [RECOG-SYS] info: Url: /loggerError, Method: GET, Detail: ===== Request start =====
2023/12/4 下午11:54:52 [RECOG-SYS] error: Url: /loggerError, Method: GET, Detail: console.logg is not a function
2023/12/4 下午11:55:24 [RECOG-SYS] info: Url: /loggerNormal, Method: GET, Detail: ===== Request start =====
2023/12/4 下午11:55:24 [RECOG-SYS] info: Url: /loggerNormal, Method: GET, Detail: ===== Request End =====
2023/12/4 下午11:55:24 [RECOG-SYS] info: Url: /loggerError, Method: GET, Detail: ===== Request start =====
2023/12/4 下午11:55:24 [RECOG-SYS] error: Url: /loggerError, Method: GET, Detail: console.logg is not a function
2023/12/4 下午11:55:41 [RECOG-SYS] info: Url: /loggerNormal, Method: GET, Detail: ===== Request start =====
2023/12/4 下午11:55:41 [RECOG-SYS] info: Url: /loggerNormal, Method: GET, Detail: ===== Request End =====
2023/12/4 下午11:55:41 [RECOG-SYS] info: Url: /loggerError, Method: GET, Detail: ===== Request start =====
2023/12/4 下午11:55:41 [RECOG-SYS] error: Url: /loggerError, Method: GET, Detail: console.logg is not a function
2023/12/4 下午11:56:02 [RECOG-SYS] info: Url: /loggerNormal, Method: GET, Detail: ===== Request start =====
2023/12/4 下午11:56:02 [RECOG-SYS] info: Url: /loggerNormal, Method: GET, Detail: ===== Request End =====
2023/12/4 下午11:56:02 [RECOG-SYS] info: Url: /loggerError, Method: GET, Detail: ===== Request start =====
2023/12/4 下午11:56:02 [RECOG-SYS] error: Url: /loggerError, Method: GET, Detail: console.logg is not a function
2023/12/4 下午11:56:02 [RECOG-SYS] info: Url: /loggerNormal, Method: GET, Detail: ===== Request start =====
2023/12/4 下午11:56:02 [RECOG-SYS] info: Url: /loggerNormal, Method: GET, Detail: ===== Request End =====
2023/12/4 下午11:56:02 [RECOG-SYS] info: Url: /loggerError, Method: GET, Detail: ===== Request start =====
2023/12/4 下午11:56:02 [RECOG-SYS] error: Url: /loggerError, Method: GET, Detail: console.logg is not a function
2023/12/4 下午11:58:56 [RECOG-SYS] info: Url: /loggerNormal, Method: GET, Detail: ===== Request start =====
2023/12/4 下午11:58:56 [RECOG-SYS] info: Url: /loggerNormal, Method: GET, Detail: ===== Request End =====
2023/12/4 下午11:58:56 [RECOG-SYS] info: Url: /loggerError, Method: GET, Detail: ===== Request start =====
2023/12/4 下午11:58:56 [RECOG-SYS] error: Url: /loggerError, Method: GET, Detail: console.logg is not a function
2023/12/4 下午11:59:36 [RECOG-SYS] info: Url: /loggerNormal, Method: GET, Detail: ===== Request start =====
2023/12/4 下午11:59:36 [RECOG-SYS] info: Url: /loggerNormal, Method: GET, Detail: ===== Request End =====
2023/12/4 下午11:59:36 [RECOG-SYS] info: Url: /loggerError, Method: GET, Detail: ===== Request start =====
2023/12/4 下午11:59:36 [RECOG-SYS] error: Url: /loggerError, Method: GET, Detail: console.logg is not a function
2023/12/4 下午11:59:40 [RECOG-SYS] info: Url: /loggerNormal, Method: GET, Detail: ===== Request start =====
2023/12/4 下午11:59:40 [RECOG-SYS] info: Url: /loggerNormal, Method: GET, Detail: ===== Request End =====
2023/12/4 下午11:59:40 [RECOG-SYS] info: Url: /loggerError, Method: GET, Detail: ===== Request start =====
2023/12/4 下午11:59:40 [RECOG-SYS] error: Url: /loggerError, Method: GET, Detail: console.logg is not a function
2023/12/4 下午11:59:47 [RECOG-SYS] info: Url: /loggerNormal, Method: GET, Detail: ===== Request start =====
2023/12/4 下午11:59:47 [RECOG-SYS] info: Url: /loggerNormal, Method: GET, Detail: ===== Request End =====
2023/12/4 下午11:59:47 [RECOG-SYS] info: Url: /loggerError, Method: GET, Detail: ===== Request start =====
2023/12/4 下午11:59:47 [RECOG-SYS] error: Url: /loggerError, Method: GET, Detail: console.logg is not a function
2023/12/5 上午12:00:14 [RECOG-SYS] info: Url: /loggerNormal, Method: GET, Detail: ===== Request start =====
2023/12/5 上午12:00:14 [RECOG-SYS] info: Url: /loggerNormal, Method: GET, Detail: ===== Request End =====
2023/12/5 上午12:00:14 [RECOG-SYS] info: Url: /loggerError, Method: GET, Detail: ===== Request start =====
2023/12/5 上午12:00:14 [RECOG-SYS] error: Url: /loggerError, Method: GET, Detail: console.logg is not a function
2023/12/5 上午12:00:37 [RECOG-SYS] info: Url: /loggerNormal, Method: GET, Detail: ===== Request start =====
2023/12/5 上午12:00:37 [RECOG-SYS] info: Url: /loggerNormal, Method: GET, Detail: ===== Request End =====
2023/12/5 上午12:00:37 [RECOG-SYS] info: Url: /loggerError, Method: GET, Detail: ===== Request start =====
2023/12/5 上午12:00:37 [RECOG-SYS] error: Url: /loggerError, Method: GET, Detail: console.logg is not a function
2023/12/5 上午12:01:07 [RECOG-SYS] info: Url: /loggerNormal, Method: GET, Detail: ===== Request start =====
2023/12/5 上午12:01:07 [RECOG-SYS] info: Url: /loggerError, Method: GET, Detail: ===== Request start =====
2023/12/5 上午12:01:07 [RECOG-SYS] error: Url: /loggerError, Method: GET, Detail: console.logg is not a function
2023/12/5 上午12:02:51 [RECOG-SYS] info: Url: /loggerNormal, Method: GET, Detail: ===== Request start =====
2023/12/5 上午12:02:51 [RECOG-SYS] info: Url: /loggerNormal, Method: GET, Detail: ===== Request End =====
2023/12/5 上午12:02:51 [RECOG-SYS] info: Url: /loggerError, Method: GET, Detail: ===== Request start =====
2023/12/5 上午12:02:51 [RECOG-SYS] error: Url: /loggerError, Method: GET, Detail: console.logg is not a function
2023/12/5 下午8:54:17 [RECOG-SYS] info: [Detail] ===== GoogleSheet module is loading. =====
2023/12/5 下午9:03:28 [RECOG-SYS] info: [Detail] ===== GoogleSheet module is loading. =====
2023/12/5 下午9:03:29 [RECOG-SYS] info: [Detail] ===== GoogleSheet module has been loaded. =====
2023/12/5 下午9:05:21 [RECOG-SYS] info: [Detail] ===== GoogleSheet module is loading. =====
2023/12/5 下午9:05:21 [RECOG-SYS] info: [Detail] port 3000
2023/12/5 下午9:05:22 [RECOG-SYS] info: [Detail] ===== GoogleSheet module has been loaded. =====
2023/12/5 下午9:06:07 [RECOG-SYS] info: [Detail] ===== GoogleSheet module is loading. =====
2023/12/5 下午9:06:07 [RECOG-SYS] info: [Detail] Listening on http://localhost:port 3000
2023/12/5 下午9:06:08 [RECOG-SYS] info: [Detail] ===== GoogleSheet module has been loaded. =====
2023/12/5 下午9:06:38 [RECOG-SYS] info: [Detail] ===== GoogleSheet module is loading. =====
2023/12/5 下午9:06:38 [RECOG-SYS] info: [Detail] Listening on http://localhost:3000
2023/12/5 下午9:06:39 [RECOG-SYS] info: [Detail] ===== GoogleSheet module has been loaded. =====
2023/12/5 下午9:06:42 [RECOG-SYS] error: [Url] /, [Method] GET, [Detail] ===== Request start =====
2023/12/5 下午9:07:40 [RECOG-SYS] info: [Detail] ===== GoogleSheet module is loading. =====
2023/12/5 下午9:07:40 [RECOG-SYS] info: [Detail] Listening on http://localhost:3000
2023/12/5 下午9:07:40 [RECOG-SYS] error: [Url] /, [Method] GET, [Detail] ===== Request start =====
2023/12/5 下午9:07:40 [RECOG-SYS] info: [Detail] ===== GoogleSheet module has been loaded. =====
2023/12/5 下午9:07:43 [RECOG-SYS] error: [Url] /, [Method] GET, [Detail] ===== Request start =====
2023/12/5 下午9:08:04 [RECOG-SYS] error: [Url] /, [Method] GET, [Detail] ===== Request start =====
2023/12/5 下午9:08:33 [RECOG-SYS] info: [Detail] ===== GoogleSheet module is loading. =====
2023/12/5 下午9:08:33 [RECOG-SYS] info: [Detail] Listening on http://localhost:3000
2023/12/5 下午9:08:34 [RECOG-SYS] info: [Detail] ===== GoogleSheet module has been loaded. =====
2023/12/5 下午9:08:37 [RECOG-SYS] error: [Url] /, [Method] GET, [Detail] ===== Request start =====
2023/12/5 下午9:09:33 [RECOG-SYS] error: [Url] /loggerNormal, [Method] GET, [Detail] ===== Request start =====
2023/12/5 下午9:12:04 [RECOG-SYS] error: [Url] /loggerNormal, [Method] GET, [Detail] ===== Request start =====
2023/12/5 下午9:12:04 [RECOG-SYS] error: [Url] /loggerError, [Method] GET, [Detail] ===== Request start =====
2023/12/5 下午9:12:16 [RECOG-SYS] error: [Url] /loggerNormal, [Method] GET, [Detail] ===== Request start =====
2023/12/5 下午9:12:16 [RECOG-SYS] error: [Url] /loggerError, [Method] GET, [Detail] ===== Request start =====
2023/12/5 下午9:12:44 [RECOG-SYS] info: [Detail] Listening on http://localhost:3000
2023/12/5 下午9:12:48 [RECOG-SYS] error: [Url] /loggerNormal, [Method] GET, [Detail] ===== Request start =====
2023/12/5 下午9:12:49 [RECOG-SYS] error: [Url] /loggerError, [Method] GET, [Detail] ===== Request start =====
2023/12/5 下午9:13:57 [RECOG-SYS] info: [Detail] ===== GoogleSheet module is loading. =====
2023/12/5 下午9:13:57 [RECOG-SYS] info: [Detail] Listening on http://localhost:3000
2023/12/5 下午9:13:57 [RECOG-SYS] info: [Url] /loggerNormal, [Method] GET, [Detail] ===== Request start =====
2023/12/5 下午9:13:57 [RECOG-SYS] info: [Url] /loggerNormal, [Method] GET, [Detail] ===== Request End =====
2023/12/5 下午9:13:57 [RECOG-SYS] info: [Url] /loggerError, [Method] GET, [Detail] ===== Request start =====
2023/12/5 下午9:13:57 [RECOG-SYS] error: [Url] /loggerError, [Method] GET, [Detail] ===== Request start =====
2023/12/5 下午9:13:58 [RECOG-SYS] info: [Detail] ===== GoogleSheet module has been loaded. =====
2023/12/5 下午9:14:04 [RECOG-SYS] info: [Url] /loggerNormal, [Method] GET, [Detail] ===== Request start =====
2023/12/5 下午9:14:04 [RECOG-SYS] info: [Url] /loggerNormal, [Method] GET, [Detail] ===== Request End =====
2023/12/5 下午9:14:07 [RECOG-SYS] info: [Url] /, [Method] GET, [Detail] ===== Request start =====
2023/12/5 下午9:14:07 [RECOG-SYS] info: [Url] /favicon.ico, [Method] GET, [Detail] ===== Request start =====
2023/12/5 下午9:14:07 [RECOG-SYS] info: [Url] /favicon.ico, [Method] GET, [Detail] ===== Request End =====
2023/12/5 下午9:22:42 [RECOG-SYS] info: [Detail] ===== GoogleSheet module is loading. =====
2023/12/5 下午9:22:42 [RECOG-SYS] info: [Detail] Listening on http://localhost:3000
2023/12/5 下午9:22:45 [RECOG-SYS] info: [Detail] ===== GoogleSheet module has been loaded. =====
2023/12/5 下午9:25:00 [RECOG-SYS] info: [Detail] ===== GoogleSheet module is loading. =====
2023/12/5 下午9:25:00 [RECOG-SYS] info: [Detail] Listening on http://localhost:3000
2023/12/5 下午9:25:00 [RECOG-SYS] info: [Detail] ===== GoogleSheet module has been loaded. =====
2023/12/5 下午9:25:20 [RECOG-SYS] info: [Url] /createsheet?title=apple, [Method] GET, [Detail] ===== Request start =====
2023/12/5 下午9:25:20 [RECOG-SYS] info: [Url] /createsheet?title=apple, [Method] GET, [Detail] ===== Request End =====
2023/12/5 下午9:25:43 [RECOG-SYS] info: [Url] /loggerNormal, [Method] GET, [Detail] ===== Request start =====
2023/12/5 下午9:25:43 [RECOG-SYS] info: [Url] /loggerNormal, [Method] GET, [Detail] ===== Request End =====
2023/12/5 下午9:26:08 [RECOG-SYS] info: [Url] /loggerNormal, [Method] GET, [Detail] ===== Request start =====
2023/12/5 下午9:26:08 [RECOG-SYS] info: [Url] /loggerNormal, [Method] GET, [Detail] ===== Request End =====
2023/12/5 下午9:26:09 [RECOG-SYS] info: [Url] /createsheet?title=apple, [Method] GET, [Detail] ===== Request start =====
2023/12/5 下午9:26:09 [RECOG-SYS] info: [Url] /createsheet?title=apple, [Method] GET, [Detail] ===== Request End =====
2023/12/5 下午9:26:31 [RECOG-SYS] info: [Url] /loggerNormal, [Method] GET, [Detail] ===== Request start =====
2023/12/5 下午9:26:31 [RECOG-SYS] info: [Url] /loggerNormal, [Method] GET, [Detail] ===== Request End =====
2023/12/5 下午9:26:31 [RECOG-SYS] info: [Url] /createsheet?title=apple, [Method] POST, [Detail] ===== Request start =====
2023/12/5 下午9:26:31 [RECOG-SYS] info: [Url] /createsheet?title=apple, [Method] POST, [Detail] ===== Request End =====
2023/12/5 下午9:27:08 [RECOG-SYS] info: [Detail] ===== GoogleSheet module is loading. =====
2023/12/5 下午9:27:08 [RECOG-SYS] info: [Detail] Listening on http://localhost:3000
2023/12/5 下午9:27:08 [RECOG-SYS] info: [Url] /loggerNormal, [Method] GET, [Detail] ===== Request start =====
2023/12/5 下午9:27:08 [RECOG-SYS] info: [Url] /loggerNormal, [Method] GET, [Detail] ===== Request End =====
2023/12/5 下午9:27:08 [RECOG-SYS] info: [Url] /createsheet?title=apple, [Method] POST, [Detail] ===== Request start =====
2023/12/5 下午9:27:08 [RECOG-SYS] info: [Url] /createsheet?title=apple, [Method] POST, [Detail] ===== Request End =====
2023/12/5 下午9:27:09 [RECOG-SYS] info: [Detail] ===== GoogleSheet module has been loaded. =====
2023/12/5 下午9:27:35 [RECOG-SYS] info: [Url] /loggerNormal, [Method] GET, [Detail] ===== Request start =====
2023/12/5 下午9:27:35 [RECOG-SYS] info: [Url] /loggerNormal, [Method] GET, [Detail] ===== Request End =====
2023/12/5 下午9:27:35 [RECOG-SYS] info: [Url] /createsheet/apple, [Method] POST, [Detail] ===== Request start =====
2023/12/5 下午9:27:35 [RECOG-SYS] info: [Url] /createsheet/apple, [Method] POST, [Detail] ===== Request End =====
2023/12/5 下午9:28:50 [RECOG-SYS] info: [Detail] ===== GoogleSheet module is loading. =====
2023/12/5 下午9:28:50 [RECOG-SYS] info: [Detail] Listening on http://localhost:3000
2023/12/5 下午9:28:51 [RECOG-SYS] info: [Detail] ===== GoogleSheet module has been loaded. =====
2023/12/5 下午9:28:53 [RECOG-SYS] info: [Url] /loggerNormal, [Method] GET, [Detail] ===== Request start =====
2023/12/5 下午9:28:53 [RECOG-SYS] info: [Url] /loggerNormal, [Method] GET, [Detail] ===== Request End =====
2023/12/5 下午9:28:53 [RECOG-SYS] info: [Url] /createsheet/apple, [Method] POST, [Detail] ===== Request start =====
2023/12/5 下午9:28:53 [RECOG-SYS] info: [Url] /createsheet/apple, [Method] POST, [Detail] ===== Request End =====
2023/12/5 下午9:30:00 [RECOG-SYS] info: [Url] /loggerNormal, [Method] GET, [Detail] ===== Request start =====
2023/12/5 下午9:30:00 [RECOG-SYS] info: [Url] /loggerNormal, [Method] GET, [Detail] ===== Request End =====
2023/12/5 下午9:30:00 [RECOG-SYS] info: [Url] /sheet/create/apple, [Method] POST, [Detail] ===== Request start =====
2023/12/5 下午9:30:00 [RECOG-SYS] info: [Url] /sheet/create/apple, [Method] POST, [Detail] ===== Request End =====
2023/12/5 下午9:31:39 [RECOG-SYS] info: [Detail] ===== GoogleSheet module is loading. =====
2023/12/5 下午9:31:39 [RECOG-SYS] info: [Detail] Listening on http://localhost:3000
2023/12/5 下午9:31:40 [RECOG-SYS] info: [Detail] ===== GoogleSheet module has been loaded. =====
2023/12/5 下午9:31:40 [RECOG-SYS] info: [Url] /loggerNormal, [Method] GET, [Detail] ===== Request start =====
2023/12/5 下午9:31:40 [RECOG-SYS] info: [Url] /loggerNormal, [Method] GET, [Detail] ===== Request End =====
2023/12/5 下午9:31:45 [RECOG-SYS] info: [Url] /sheet, [Method] GET, [Detail] ===== Request start =====
2023/12/5 下午9:31:45 [RECOG-SYS] info: [Url] /favicon.ico, [Method] GET, [Detail] ===== Request start =====
2023/12/5 下午9:31:45 [RECOG-SYS] info: [Url] /favicon.ico, [Method] GET, [Detail] ===== Request End =====
2023/12/5 下午9:31:58 [RECOG-SYS] info: [Url] /loggerNormal, [Method] GET, [Detail] ===== Request start =====
2023/12/5 下午9:31:58 [RECOG-SYS] info: [Url] /loggerNormal, [Method] GET, [Detail] ===== Request End =====
2023/12/5 下午9:31:58 [RECOG-SYS] info: [Url] /sheet/create/apple, [Method] POST, [Detail] ===== Request start =====
2023/12/5 下午9:31:58 [RECOG-SYS] error: [Url] /sheet/create/apple, [Method] POST, [Detail] ===== Request start =====
2023/12/5 下午9:32:41 [RECOG-SYS] info: [Detail] ===== GoogleSheet module is loading. =====
2023/12/5 下午9:32:41 [RECOG-SYS] info: [Detail] Listening on http://localhost:3000
2023/12/5 下午9:32:41 [RECOG-SYS] info: [Url] /loggerNormal, [Method] GET, [Detail] ===== Request start =====
2023/12/5 下午9:32:41 [RECOG-SYS] info: [Url] /loggerNormal, [Method] GET, [Detail] ===== Request End =====
2023/12/5 下午9:33:49 [RECOG-SYS] info: [Detail] ===== GoogleSheet module is loading. =====
2023/12/5 下午9:33:49 [RECOG-SYS] info: [Detail] Listening on http://localhost:3000
2023/12/5 下午9:33:50 [RECOG-SYS] info: [Url] /sheet, [Method] GET, [Detail] ===== Request start =====
2023/12/5 下午9:33:50 [RECOG-SYS] info: [Detail] ===== GoogleSheet module has been loaded. =====
2023/12/5 下午9:33:50 [RECOG-SYS] info: [Url] /favicon.ico, [Method] GET, [Detail] ===== Request start =====
2023/12/5 下午9:33:50 [RECOG-SYS] info: [Url] /favicon.ico, [Method] GET, [Detail] ===== Request End =====
2023/12/5 下午9:33:55 [RECOG-SYS] info: [Url] /loggerNormal, [Method] GET, [Detail] ===== Request start =====
2023/12/5 下午9:33:55 [RECOG-SYS] info: [Url] /loggerNormal, [Method] GET, [Detail] ===== Request End =====
2023/12/5 下午9:33:55 [RECOG-SYS] info: [Url] /sheet/create/apple, [Method] POST, [Detail] ===== Request start =====
2023/12/5 下午9:33:55 [RECOG-SYS] info: [Detail] Create sheet title = apple
2023/12/5 下午9:33:55 [RECOG-SYS] error: [Url] /sheet/create/apple, [Method] POST, [Detail] ===== Request start =====
2023/12/5 下午9:34:37 [RECOG-SYS] info: [Url] /loggerNormal, [Method] GET, [Detail] ===== Request start =====
2023/12/5 下午9:34:37 [RECOG-SYS] info: [Url] /loggerNormal, [Method] GET, [Detail] ===== Request End =====
2023/12/5 下午9:34:37 [RECOG-SYS] info: [Url] /sheet/create/apple, [Method] POST, [Detail] ===== Request start =====
2023/12/5 下午9:34:37 [RECOG-SYS] info: [Detail] Create sheet title = apple
2023/12/5 下午9:34:37 [RECOG-SYS] error: [Url] /sheet/create/apple, [Method] POST, [Detail] ===== Request start =====
2023/12/5 下午9:35:34 [RECOG-SYS] info: [Detail] ===== GoogleSheet module is loading. =====
2023/12/5 下午9:35:34 [RECOG-SYS] info: [Detail] Listening on http://localhost:3000
2023/12/5 下午9:35:35 [RECOG-SYS] info: [Detail] ===== GoogleSheet module has been loaded. =====
2023/12/5 下午9:35:35 [RECOG-SYS] info: [Url] /loggerNormal, [Method] GET, [Detail] ===== Request start =====
2023/12/5 下午9:35:35 [RECOG-SYS] info: [Url] /loggerNormal, [Method] GET, [Detail] ===== Request End =====
2023/12/5 下午9:35:35 [RECOG-SYS] info: [Url] /sheet/create/apple, [Method] POST, [Detail] ===== Request start =====
2023/12/5 下午9:35:35 [RECOG-SYS] info: [Detail] Create sheet title = apple
2023/12/5 下午9:35:35 [RECOG-SYS] info: [Detail] 有res
2023/12/5 下午9:35:35 [RECOG-SYS] info: [Detail] Catch:TypeError: res.send is not a function
2023/12/5 下午9:35:35 [RECOG-SYS] error: [Url] /sheet/create/apple, [Method] POST, [Detail] ===== Request start =====
2023/12/5 下午9:36:03 [RECOG-SYS] info: [Detail] ===== GoogleSheet module is loading. =====
2023/12/5 下午9:36:03 [RECOG-SYS] info: [Detail] Listening on http://localhost:3000
2023/12/5 下午9:36:03 [RECOG-SYS] info: [Url] /sheet/create/apple, [Method] POST, [Detail] ===== Request start =====
2023/12/5 下午9:36:03 [RECOG-SYS] info: [Detail] Create sheet title = apple
2023/12/5 下午9:36:03 [RECOG-SYS] info: [Detail] 有res
2023/12/5 下午9:36:03 [RECOG-SYS] info: [Detail] Catch:TypeError: res.send is not a function
2023/12/5 下午9:36:03 [RECOG-SYS] error: [Url] /sheet/create/apple, [Method] POST, [Detail] ===== Request start =====
2023/12/5 下午9:36:03 [RECOG-SYS] info: [Url] /loggerNormal, [Method] GET, [Detail] ===== Request start =====
2023/12/5 下午9:36:03 [RECOG-SYS] info: [Url] /loggerNormal, [Method] GET, [Detail] ===== Request End =====
2023/12/5 下午9:36:03 [RECOG-SYS] info: [Detail] ===== GoogleSheet module has been loaded. =====
2023/12/5 下午9:36:19 [RECOG-SYS] info: [Url] /loggerNormal, [Method] GET, [Detail] ===== Request start =====
2023/12/5 下午9:36:19 [RECOG-SYS] info: [Url] /loggerNormal, [Method] GET, [Detail] ===== Request End =====
2023/12/5 下午9:36:19 [RECOG-SYS] info: [Url] /sheet/create/apple, [Method] POST, [Detail] ===== Request start =====
2023/12/5 下午9:36:19 [RECOG-SYS] info: [Detail] Create sheet title = apple
2023/12/5 下午9:36:19 [RECOG-SYS] info: [Detail] 有res
2023/12/5 下午9:36:19 [RECOG-SYS] info: [Detail] Catch:TypeError: res.send is not a function
2023/12/5 下午9:36:19 [RECOG-SYS] error: [Url] /sheet/create/apple, [Method] POST, [Detail] ===== Request start =====
2023/12/5 下午9:39:10 [RECOG-SYS] info: [Url] /loggerNormal, [Method] GET, [Detail] ===== Request start =====
2023/12/5 下午9:39:10 [RECOG-SYS] info: [Url] /loggerNormal, [Method] GET, [Detail] ===== Request End =====
2023/12/5 下午9:39:11 [RECOG-SYS] info: [Url] /sheet/create/apple, [Method] POST, [Detail] ===== Request start =====
2023/12/5 下午9:39:11 [RECOG-SYS] info: [Detail] Create sheet title = apple
2023/12/5 下午9:39:11 [RECOG-SYS] info: [Detail] 有res
2023/12/5 下午9:39:11 [RECOG-SYS] info: [Detail] Catch:TypeError: res.send is not a function
2023/12/5 下午9:39:11 [RECOG-SYS] error: [Url] /sheet/create/apple, [Method] POST, [Detail] ===== Request start =====
2023/12/5 下午9:39:14 [RECOG-SYS] info: [Url] /sheet/create/apple, [Method] GET, [Detail] ===== Request start =====
2023/12/5 下午9:39:14 [RECOG-SYS] info: [Url] /sheet/create/apple, [Method] GET, [Detail] ===== Request End =====
2023/12/5 下午9:39:27 [RECOG-SYS] info: [Detail] ===== GoogleSheet module is loading. =====
2023/12/5 下午9:39:27 [RECOG-SYS] info: [Detail] Listening on http://localhost:3000
2023/12/5 下午9:39:28 [RECOG-SYS] info: [Detail] ===== GoogleSheet module has been loaded. =====
2023/12/5 下午9:39:29 [RECOG-SYS] info: [Url] /loggerNormal, [Method] GET, [Detail] ===== Request start =====
2023/12/5 下午9:39:29 [RECOG-SYS] info: [Url] /loggerNormal, [Method] GET, [Detail] ===== Request End =====
2023/12/5 下午9:39:29 [RECOG-SYS] info: [Url] /sheet/create/apple, [Method] POST, [Detail] ===== Request start =====
2023/12/5 下午9:39:29 [RECOG-SYS] info: [Detail] Create sheet title = apple
2023/12/5 下午9:39:29 [RECOG-SYS] info: [Detail] Catch:Error: Could not load the default credentials. Browse to https://cloud.google.com/docs/authentication/getting-started for more information.
2023/12/5 下午9:39:29 [RECOG-SYS] error: [Url] /sheet/create/apple, [Method] POST, [Detail] ===== Request start =====
2023/12/5 下午9:46:56 [RECOG-SYS] info: [Detail] ===== GoogleSheet module is loading. =====
2023/12/5 下午9:46:56 [RECOG-SYS] info: [Detail] Listening on http://localhost:3000
2023/12/5 下午9:46:57 [RECOG-SYS] info: [Detail] ===== GoogleSheet module has been loaded. =====
2023/12/5 下午9:47:22 [RECOG-SYS] info: [Detail] ===== GoogleSheet module is loading. =====
2023/12/5 下午9:47:22 [RECOG-SYS] info: [Detail] Listening on http://localhost:3000
2023/12/5 下午9:47:23 [RECOG-SYS] info: [Detail] ===== GoogleSheet module has been loaded. =====
2023/12/5 下午9:47:35 [RECOG-SYS] info: [Url] /loggerNormal, [Method] GET, [Detail] ===== Request start =====
2023/12/5 下午9:47:35 [RECOG-SYS] info: [Url] /loggerNormal, [Method] GET, [Detail] ===== Request End =====
2023/12/5 下午9:47:35 [RECOG-SYS] info: [Url] /sheet/create/apple, [Method] POST, [Detail] ===== Request start =====
2023/12/5 下午9:47:35 [RECOG-SYS] info: [Detail] Create sheet title = apple
2023/12/5 下午9:47:35 [RECOG-SYS] info: [Detail] Catch:Error: Could not load the default credentials. Browse to https://cloud.google.com/docs/authentication/getting-started for more information.
2023/12/5 下午9:47:35 [RECOG-SYS] error: [Url] /sheet/create/apple, [Method] POST, [Detail] ===== Request start =====
2023/12/5 下午9:48:52 [RECOG-SYS] info: [Detail] ===== GoogleSheet module is loading. =====
2023/12/5 下午9:48:52 [RECOG-SYS] info: [Detail] Listening on http://localhost:3000
2023/12/5 下午9:48:53 [RECOG-SYS] info: [Detail] ===== GoogleSheet module has been loaded. =====
2023/12/5 下午9:48:58 [RECOG-SYS] info: [Url] /loggerNormal, [Method] GET, [Detail] ===== Request start =====
2023/12/5 下午9:48:58 [RECOG-SYS] info: [Url] /loggerNormal, [Method] GET, [Detail] ===== Request End =====
2023/12/5 下午9:48:59 [RECOG-SYS] info: [Url] /sheet/create/apple, [Method] POST, [Detail] ===== Request start =====
2023/12/5 下午9:48:59 [RECOG-SYS] info: [Detail] Create sheet title = apple
2023/12/5 下午9:48:59 [RECOG-SYS] info: [Detail] Catch:Error: The file at /credentials.json does not exist, or it is not a file. ENOENT: no such file or directory, lstat 'C:\credentials.json'
2023/12/5 下午9:48:59 [RECOG-SYS] error: [Url] /sheet/create/apple, [Method] POST, [Detail] ===== Request start =====
2023/12/5 下午9:49:29 [RECOG-SYS] info: [Detail] ===== GoogleSheet module is loading. =====
2023/12/5 下午9:49:29 [RECOG-SYS] info: [Detail] Listening on http://localhost:3000
2023/12/5 下午9:49:30 [RECOG-SYS] info: [Detail] ===== GoogleSheet module has been loaded. =====
2023/12/5 下午9:49:32 [RECOG-SYS] info: [Url] /loggerNormal, [Method] GET, [Detail] ===== Request start =====
2023/12/5 下午9:49:32 [RECOG-SYS] info: [Url] /loggerNormal, [Method] GET, [Detail] ===== Request End =====
2023/12/5 下午9:49:32 [RECOG-SYS] info: [Url] /sheet/create/apple, [Method] POST, [Detail] ===== Request start =====
2023/12/5 下午9:49:32 [RECOG-SYS] info: [Detail] Create sheet title = apple
2023/12/5 下午9:49:32 [RECOG-SYS] info: [Detail] Catch:Error: The incoming JSON object does not contain a client_email field
2023/12/5 下午9:49:32 [RECOG-SYS] error: [Url] /sheet/create/apple, [Method] POST, [Detail] ===== Request start =====
2023/12/5 下午9:57:17 [RECOG-SYS] info: [Detail] ===== GoogleSheet module is loading. =====
2023/12/5 下午9:57:17 [RECOG-SYS] info: [Detail] Listening on http://localhost:3000
2023/12/5 下午9:57:18 [RECOG-SYS] info: [Detail] ===== GoogleSheet module has been loaded. =====
2023/12/5 下午9:57:20 [RECOG-SYS] info: [Url] /loggerNormal, [Method] GET, [Detail] ===== Request start =====
2023/12/5 下午9:57:20 [RECOG-SYS] info: [Url] /loggerNormal, [Method] GET, [Detail] ===== Request End =====
2023/12/5 下午9:57:21 [RECOG-SYS] info: [Url] /sheet/create/apple, [Method] POST, [Detail] ===== Request start =====
2023/12/5 下午9:57:21 [RECOG-SYS] info: [Detail] Create sheet title = apple
2023/12/5 下午9:57:21 [RECOG-SYS] info: [Detail] Catch:Error: The incoming JSON object does not contain a client_email field
2023/12/5 下午9:57:21 [RECOG-SYS] error: [Url] /sheet/create/apple, [Method] POST, [Detail] ===== Request start =====
2023/12/5 下午10:05:08 [RECOG-SYS] info: [Detail] ===== GoogleSheet module is loading. =====
2023/12/5 下午10:05:08 [RECOG-SYS] info: [Detail] Listening on http://localhost:3000
2023/12/5 下午10:05:09 [RECOG-SYS] info: [Detail] ===== GoogleSheet module has been loaded. =====
2023/12/5 下午10:05:18 [RECOG-SYS] info: [Url] /loggerNormal, [Method] GET, [Detail] ===== Request start =====
2023/12/5 下午10:05:18 [RECOG-SYS] info: [Url] /loggerNormal, [Method] GET, [Detail] ===== Request End =====
2023/12/5 下午10:05:18 [RECOG-SYS] info: [Url] /sheet/create/apple, [Method] POST, [Detail] ===== Request start =====
2023/12/5 下午10:05:18 [RECOG-SYS] info: [Detail] Create sheet title = apple
2023/12/5 下午10:05:18 [RECOG-SYS] info: [Detail] Catch:Error: The incoming JSON object does not contain a client_email field
2023/12/5 下午10:05:18 [RECOG-SYS] error: [Url] /sheet/create/apple, [Method] POST, [Detail] ===== Request start =====
2023/12/5 下午10:10:19 [RECOG-SYS] info: [Detail] ===== GoogleSheet module is loading. =====
2023/12/5 下午10:10:19 [RECOG-SYS] info: [Detail] Listening on http://localhost:3000
2023/12/5 下午10:10:21 [RECOG-SYS] info: [Detail] ===== GoogleSheet module has been loaded. =====
2023/12/5 下午10:10:26 [RECOG-SYS] info: [Url] /loggerNormal, [Method] GET, [Detail] ===== Request start =====
2023/12/5 下午10:10:26 [RECOG-SYS] info: [Url] /loggerNormal, [Method] GET, [Detail] ===== Request End =====
2023/12/5 下午10:10:26 [RECOG-SYS] info: [Url] /sheet/create/apple, [Method] POST, [Detail] ===== Request start =====
2023/12/5 下午10:10:26 [RECOG-SYS] info: [Detail] Create sheet title = apple
2023/12/5 下午10:10:31 [RECOG-SYS] info: [Detail] 有res
2023/12/5 下午10:16:28 [RECOG-SYS] info: [Detail] ===== GoogleSheet module is loading. =====
2023/12/5 下午10:16:28 [RECOG-SYS] info: [Detail] Listening on http://localhost:3000
2023/12/5 下午10:27:38 [RECOG-SYS] info: [Detail] ===== GoogleSheet module is loading. =====
2023/12/5 下午10:27:38 [RECOG-SYS] info: [Detail] Listening on http://localhost:3000
2023/12/5 下午10:30:50 [RECOG-SYS] info: [Detail] ===== GoogleSheet module is loading. =====
2023/12/5 下午10:30:50 [RECOG-SYS] info: [Detail] Listening on http://localhost:3000
2023/12/5 下午11:52:34 [RECOG-SYS] info: [Url] /loggerNormal, [Method] GET, [Detail] ===== Request start =====
2023/12/5 下午11:52:34 [RECOG-SYS] info: [Url] /loggerNormal, [Method] GET, [Detail] ===== Request End =====
2023/12/5 下午11:52:34 [RECOG-SYS] info: [Url] /sheet/getdata?sheetID=, [Method] POST, [Detail] ===== Request start =====
2023/12/5 下午11:52:34 [RECOG-SYS] info: [Url] /sheet/getdata?sheetID=, [Method] POST, [Detail] ===== Request End =====
2023/12/5 下午11:52:44 [RECOG-SYS] info: [Url] /loggerNormal, [Method] GET, [Detail] ===== Request start =====
2023/12/5 下午11:52:44 [RECOG-SYS] info: [Url] /loggerNormal, [Method] GET, [Detail] ===== Request End =====
2023/12/5 下午11:52:44 [RECOG-SYS] info: [Url] /sheet/getdata?sheetID=1WvnyaR9E9Aefab02Bwnx5rs-1FGPfSjBcFs8Xbd2P1Y, [Method] POST, [Detail] ===== Request start =====
2023/12/5 下午11:52:44 [RECOG-SYS] info: [Url] /sheet/getdata?sheetID=1WvnyaR9E9Aefab02Bwnx5rs-1FGPfSjBcFs8Xbd2P1Y, [Method] POST, [Detail] ===== Request End =====
2023/12/5 下午11:53:05 [RECOG-SYS] info: [Url] /loggerNormal, [Method] GET, [Detail] ===== Request start =====
2023/12/5 下午11:53:05 [RECOG-SYS] info: [Url] /loggerNormal, [Method] GET, [Detail] ===== Request End =====
2023/12/5 下午11:53:05 [RECOG-SYS] info: [Url] /sheet/getdata?sheetID=1WvnyaR9E9Aefab02Bwnx5rs-1FGPfSjBcFs8Xbd2P1Y&range=eplyList, [Method] POST, [Detail] ===== Request start =====
2023/12/5 下午11:53:05 [RECOG-SYS] info: [Url] /sheet/getdata?sheetID=1WvnyaR9E9Aefab02Bwnx5rs-1FGPfSjBcFs8Xbd2P1Y&range=eplyList, [Method] POST, [Detail] ===== Request End =====
2023/12/5 下午11:53:21 [RECOG-SYS] info: [Detail] ===== GoogleSheet module is loading. =====
2023/12/5 下午11:53:21 [RECOG-SYS] info: [Detail] Listening on http://localhost:3000
2023/12/5 下午11:53:35 [RECOG-SYS] info: [Url] /sheet, [Method] GET, [Detail] ===== Request start =====
2023/12/5 下午11:53:35 [RECOG-SYS] info: [Url] /sheet, [Method] GET, [Detail] ===== Request End =====
2023/12/5 下午11:53:39 [RECOG-SYS] info: [Url] /, [Method] GET, [Detail] ===== Request start =====
2023/12/5 下午11:53:39 [RECOG-SYS] info: [Url] /favicon.ico, [Method] GET, [Detail] ===== Request start =====
2023/12/5 下午11:53:39 [RECOG-SYS] info: [Url] /favicon.ico, [Method] GET, [Detail] ===== Request End =====
2023/12/5 下午11:53:42 [RECOG-SYS] info: [Url] /, [Method] GET, [Detail] ===== Request start =====
2023/12/5 下午11:53:42 [RECOG-SYS] info: [Url] /favicon.ico, [Method] GET, [Detail] ===== Request start =====
2023/12/5 下午11:53:42 [RECOG-SYS] info: [Url] /favicon.ico, [Method] GET, [Detail] ===== Request End =====
2023/12/5 下午11:53:45 [RECOG-SYS] info: [Url] /loggerNormal, [Method] GET, [Detail] ===== Request start =====
2023/12/5 下午11:53:45 [RECOG-SYS] info: [Url] /loggerNormal, [Method] GET, [Detail] ===== Request End =====
2023/12/5 下午11:53:45 [RECOG-SYS] info: [Url] /sheet/getdata?sheetID=1WvnyaR9E9Aefab02Bwnx5rs-1FGPfSjBcFs8Xbd2P1Y&range=eplyList, [Method] POST, [Detail] ===== Request start =====
2023/12/5 下午11:53:45 [RECOG-SYS] info: [Url] /sheet/getdata?sheetID=1WvnyaR9E9Aefab02Bwnx5rs-1FGPfSjBcFs8Xbd2P1Y&range=eplyList, [Method] POST, [Detail] ===== Request End =====
2023/12/5 下午11:55:28 [RECOG-SYS] info: [Detail] ===== GoogleSheet module is loading. =====
2023/12/5 下午11:55:28 [RECOG-SYS] info: [Detail] Listening on http://localhost:3000
2023/12/5 下午11:55:30 [RECOG-SYS] info: [Url] /loggerNormal, [Method] GET, [Detail] ===== Request start =====
2023/12/5 下午11:55:31 [RECOG-SYS] info: [Url] /loggerNormal, [Method] GET, [Detail] ===== Request End =====
2023/12/5 下午11:55:31 [RECOG-SYS] info: [Url] /sheet/getdata?sheetID=1WvnyaR9E9Aefab02Bwnx5rs-1FGPfSjBcFs8Xbd2P1Y&range=eplyList, [Method] POST, [Detail] ===== Request start =====
2023/12/5 下午11:55:31 [RECOG-SYS] info: [Url] /sheet/getdata?sheetID=1WvnyaR9E9Aefab02Bwnx5rs-1FGPfSjBcFs8Xbd2P1Y&range=eplyList, [Method] POST, [Detail] ===== Request End =====
2023/12/5 下午11:57:42 [RECOG-SYS] info: [Detail] ===== GoogleSheet module is loading. =====
2023/12/5 下午11:57:43 [RECOG-SYS] info: [Detail] Listening on http://localhost:3000
2023/12/5 下午11:59:20 [RECOG-SYS] info: [Detail] ===== GoogleSheet module is loading. =====
2023/12/5 下午11:59:20 [RECOG-SYS] info: [Detail] Listening on http://localhost:3000
2023/12/5 下午11:59:21 [RECOG-SYS] info: [Url] /, [Method] GET, [Detail] ===== Request start =====
2023/12/5 下午11:59:21 [RECOG-SYS] info: [Url] /favicon.ico, [Method] GET, [Detail] ===== Request start =====
2023/12/5 下午11:59:21 [RECOG-SYS] info: [Url] /favicon.ico, [Method] GET, [Detail] ===== Request End =====
2023/12/5 下午11:59:25 [RECOG-SYS] info: [Url] /loggerNormal, [Method] GET, [Detail] ===== Request start =====
2023/12/5 下午11:59:25 [RECOG-SYS] info: [Url] /loggerNormal, [Method] GET, [Detail] ===== Request End =====
2023/12/5 下午11:59:25 [RECOG-SYS] info: [Url] /sheet/getdata?sheetID=1WvnyaR9E9Aefab02Bwnx5rs-1FGPfSjBcFs8Xbd2P1Y&range=eplyList, [Method] POST, [Detail] ===== Request start =====
2023/12/5 下午11:59:25 [RECOG-SYS] info: [Url] /sheet/getdata?sheetID=1WvnyaR9E9Aefab02Bwnx5rs-1FGPfSjBcFs8Xbd2P1Y&range=eplyList, [Method] POST, [Detail] ===== Request End =====
2023/12/6 上午12:00:44 [RECOG-SYS] info: [Url] /sheet, [Method] GET, [Detail] ===== Request start =====
2023/12/6 上午12:00:44 [RECOG-SYS] info: [Url] /favicon.ico, [Method] GET, [Detail] ===== Request start =====
2023/12/6 上午12:00:44 [RECOG-SYS] info: [Url] /favicon.ico, [Method] GET, [Detail] ===== Request End =====
2023/12/6 上午12:01:27 [RECOG-SYS] info: [Url] /loggerNormal, [Method] GET, [Detail] ===== Request start =====
2023/12/6 上午12:01:27 [RECOG-SYS] info: [Url] /loggerNormal, [Method] GET, [Detail] ===== Request End =====
2023/12/6 上午12:01:27 [RECOG-SYS] info: [Url] /sheet/getdata?sheetID=1WvnyaR9E9Aefab02Bwnx5rs-1FGPfSjBcFs8Xbd2P1Y&range=eplyList, [Method] GET, [Detail] ===== Request start =====
2023/12/6 上午12:01:27 [RECOG-SYS] info: [Detail] [object Object]
2023/12/6 上午12:01:27 [RECOG-SYS] info: [Detail] [object Object]
2023/12/6 上午12:03:08 [RECOG-SYS] info: [Detail] ===== GoogleSheet module is loading. =====
2023/12/6 上午12:03:08 [RECOG-SYS] info: [Detail] Listening on http://localhost:3000
2023/12/6 上午12:03:08 [RECOG-SYS] info: [Url] /loggerNormal, [Method] GET, [Detail] ===== Request start =====
2023/12/6 上午12:03:08 [RECOG-SYS] info: [Url] /loggerNormal, [Method] GET, [Detail] ===== Request End =====
2023/12/6 上午12:03:08 [RECOG-SYS] info: [Url] /sheet/getdata?sheetID=1WvnyaR9E9Aefab02Bwnx5rs-1FGPfSjBcFs8Xbd2P1Y&range=eplyList, [Method] GET, [Detail] ===== Request start =====
2023/12/6 上午12:03:08 [RECOG-SYS] info: [Detail] {"sheetID":"1WvnyaR9E9Aefab02Bwnx5rs-1FGPfSjBcFs8Xbd2P1Y","range":"eplyList"}
2023/12/6 上午12:03:08 [RECOG-SYS] info: [Detail] [object Object]
2023/12/6 上午12:03:08 [RECOG-SYS] info: [Url] /sheet/getdata?sheetID=1WvnyaR9E9Aefab02Bwnx5rs-1FGPfSjBcFs8Xbd2P1Y&range=eplyList, [Method] GET, [Detail] ===== Request End =====
2023/12/6 上午12:04:23 [RECOG-SYS] info: [Detail] ===== GoogleSheet module is loading. =====
2023/12/6 上午12:04:23 [RECOG-SYS] info: [Detail] Listening on http://localhost:3000
2023/12/6 上午12:04:23 [RECOG-SYS] info: [Url] /loggerNormal, [Method] GET, [Detail] ===== Request start =====
2023/12/6 上午12:04:23 [RECOG-SYS] info: [Url] /loggerNormal, [Method] GET, [Detail] ===== Request End =====
2023/12/6 上午12:04:23 [RECOG-SYS] info: [Url] /sheet/getdata?sheetID=1WvnyaR9E9Aefab02Bwnx5rs-1FGPfSjBcFs8Xbd2P1Y&range=eplyList, [Method] GET, [Detail] ===== Request start =====
2023/12/6 上午12:04:23 [RECOG-SYS] info: [Detail] {"sheetID":"1WvnyaR9E9Aefab02Bwnx5rs-1FGPfSjBcFs8Xbd2P1Y","range":"eplyList"}
2023/12/6 上午12:04:24 [RECOG-SYS] info: [Detail] [object Object]
2023/12/6 上午12:04:24 [RECOG-SYS] info: [Url] /sheet/getdata?sheetID=1WvnyaR9E9Aefab02Bwnx5rs-1FGPfSjBcFs8Xbd2P1Y&range=eplyList, [Method] GET, [Detail] ===== Request End =====
2023/12/6 上午12:05:37 [RECOG-SYS] info: [Detail] ===== GoogleSheet module is loading. =====
2023/12/6 上午12:05:37 [RECOG-SYS] info: [Detail] Listening on http://localhost:3000
2023/12/6 上午12:05:37 [RECOG-SYS] info: [Url] /loggerNormal, [Method] GET, [Detail] ===== Request start =====
2023/12/6 上午12:05:37 [RECOG-SYS] info: [Url] /loggerNormal, [Method] GET, [Detail] ===== Request End =====
2023/12/6 上午12:05:37 [RECOG-SYS] info: [Url] /sheet/getdata?sheetID=1WvnyaR9E9Aefab02Bwnx5rs-1FGPfSjBcFs8Xbd2P1Y&range=eplyList, [Method] GET, [Detail] ===== Request start =====
2023/12/6 上午12:05:37 [RECOG-SYS] info: [Detail] [object Object]
2023/12/6 上午12:05:37 [RECOG-SYS] info: [Url] /sheet/getdata?sheetID=1WvnyaR9E9Aefab02Bwnx5rs-1FGPfSjBcFs8Xbd2P1Y&range=eplyList, [Method] GET, [Detail] ===== Request End =====
2023/12/6 上午12:09:11 [RECOG-SYS] info: [Detail] ===== GoogleSheet module is loading. =====
2023/12/6 上午12:09:11 [RECOG-SYS] info: [Detail] Listening on http://localhost:3000
2023/12/6 上午12:09:11 [RECOG-SYS] info: [Url] /loggerNormal, [Method] GET, [Detail] ===== Request start =====
2023/12/6 上午12:09:11 [RECOG-SYS] info: [Url] /loggerNormal, [Method] GET, [Detail] ===== Request End =====
2023/12/6 上午12:09:11 [RECOG-SYS] info: [Url] /sheet/getdata?sheetID=1WvnyaR9E9Aefab02Bwnx5rs-1FGPfSjBcFs8Xbd2P1Y&range=eplyList, [Method] GET, [Detail] ===== Request start =====
2023/12/6 上午12:09:12 [RECOG-SYS] info: [Url] /sheet/getdata?sheetID=1WvnyaR9E9Aefab02Bwnx5rs-1FGPfSjBcFs8Xbd2P1Y&range=eplyList, [Method] GET, [Detail] ===== Request End =====
2023/12/6 上午12:12:39 [RECOG-SYS] info: [Detail] ===== GoogleSheet module is loading. =====
2023/12/6 上午12:12:39 [RECOG-SYS] info: [Detail] Listening on http://localhost:3000
2023/12/6 上午12:12:41 [RECOG-SYS] info: [Url] /loggerNormal, [Method] GET, [Detail] ===== Request start =====
2023/12/6 上午12:12:41 [RECOG-SYS] info: [Url] /loggerNormal, [Method] GET, [Detail] ===== Request End =====
2023/12/6 上午12:12:41 [RECOG-SYS] info: [Url] /sheet/getdata?sheetID=1WvnyaR9E9Aefab02Bwnx5rs-1FGPfSjBcFs8Xbd2P1Y&range=eplyList, [Method] GET, [Detail] ===== Request start =====
2023/12/6 上午12:12:42 [RECOG-SYS] info: [Url] /sheet/getdata?sheetID=1WvnyaR9E9Aefab02Bwnx5rs-1FGPfSjBcFs8Xbd2P1Y&range=eplyList, [Method] GET, [Detail] ===== Request End =====
2023/12/6 上午12:13:34 [RECOG-SYS] info: [Detail] ===== GoogleSheet module is loading. =====
2023/12/6 上午12:13:34 [RECOG-SYS] info: [Detail] Listening on http://localhost:3000
2023/12/6 上午12:13:37 [RECOG-SYS] info: [Url] /loggerNormal, [Method] GET, [Detail] ===== Request start =====
2023/12/6 上午12:13:37 [RECOG-SYS] info: [Url] /loggerNormal, [Method] GET, [Detail] ===== Request End =====
2023/12/6 上午12:13:37 [RECOG-SYS] info: [Url] /sheet/getdata?sheetID=1WvnyaR9E9Aefab02Bwnx5rs-1FGPfSjBcFs8Xbd2P1Y&range=eplyList, [Method] GET, [Detail] ===== Request start =====
2023/12/6 上午12:13:38 [RECOG-SYS] info: [Url] /sheet/getdata?sheetID=1WvnyaR9E9Aefab02Bwnx5rs-1FGPfSjBcFs8Xbd2P1Y&range=eplyList, [Method] GET, [Detail] ===== Request End =====
2023/12/6 上午12:16:37 [RECOG-SYS] info: [Detail] ===== GoogleSheet module is loading. =====
2023/12/6 上午12:16:37 [RECOG-SYS] info: [Detail] Listening on http://localhost:3000
2023/12/6 上午12:16:37 [RECOG-SYS] info: [Url] /loggerNormal, [Method] GET, [Detail] ===== Request start =====
2023/12/6 上午12:16:37 [RECOG-SYS] info: [Url] /loggerNormal, [Method] GET, [Detail] ===== Request End =====
2023/12/6 上午12:16:37 [RECOG-SYS] info: [Url] /sheet/getdata?sheetID=1WvnyaR9E9Aefab02Bwnx5rs-1FGPfSjBcFs8Xbd2P1Y&range=eplyList, [Method] GET, [Detail] ===== Request start =====
2023/12/6 上午12:16:37 [RECOG-SYS] error: [Detail] ReferenceError: getValues is not defined
2023/12/6 上午12:17:02 [RECOG-SYS] info: [Detail] ===== GoogleSheet module is loading. =====
2023/12/6 上午12:17:02 [RECOG-SYS] info: [Detail] Listening on http://localhost:3000
2023/12/6 上午12:17:08 [RECOG-SYS] info: [Url] /loggerNormal, [Method] GET, [Detail] ===== Request start =====
2023/12/6 上午12:17:08 [RECOG-SYS] info: [Url] /loggerNormal, [Method] GET, [Detail] ===== Request End =====
2023/12/6 上午12:17:08 [RECOG-SYS] info: [Url] /sheet/getdata?sheetID=1WvnyaR9E9Aefab02Bwnx5rs-1FGPfSjBcFs8Xbd2P1Y&range=eplyList, [Method] GET, [Detail] ===== Request start =====
2023/12/6 上午12:17:08 [RECOG-SYS] error: [Detail] ReferenceError: getValues is not defined
2023/12/6 上午12:17:43 [RECOG-SYS] info: [Detail] ===== GoogleSheet module is loading. =====
2023/12/6 上午12:17:43 [RECOG-SYS] info: [Detail] Listening on http://localhost:3000
2023/12/6 上午12:17:43 [RECOG-SYS] info: [Url] /loggerNormal, [Method] GET, [Detail] ===== Request start =====
2023/12/6 上午12:17:43 [RECOG-SYS] info: [Url] /loggerNormal, [Method] GET, [Detail] ===== Request End =====
2023/12/6 上午12:17:43 [RECOG-SYS] info: [Url] /sheet/getdata?sheetID=1WvnyaR9E9Aefab02Bwnx5rs-1FGPfSjBcFs8Xbd2P1Y&range=eplyList, [Method] GET, [Detail] ===== Request start =====
2023/12/6 上午12:17:44 [RECOG-SYS] info: [Url] /sheet/getdata?sheetID=1WvnyaR9E9Aefab02Bwnx5rs-1FGPfSjBcFs8Xbd2P1Y&range=eplyList, [Method] GET, [Detail] ===== Request End =====
2023/12/6 上午12:19:21 [RECOG-SYS] info: [Url] /loggerNormal, [Method] GET, [Detail] ===== Request start =====
2023/12/6 上午12:19:21 [RECOG-SYS] info: [Url] /loggerNormal, [Method] GET, [Detail] ===== Request End =====
2023/12/6 上午12:19:21 [RECOG-SYS] info: [Url] /sheet/getdata?sheetID=1WvnyaR9E9Aefab02Bwnx5rs-1FGPfSjBcFs8Xbd2P1Y&range=managerList, [Method] GET, [Detail] ===== Request start =====
2023/12/6 上午12:19:22 [RECOG-SYS] info: [Url] /sheet/getdata?sheetID=1WvnyaR9E9Aefab02Bwnx5rs-1FGPfSjBcFs8Xbd2P1Y&range=managerList, [Method] GET, [Detail] ===== Request End =====
2023/12/6 上午12:19:33 [RECOG-SYS] info: [Url] /loggerNormal, [Method] GET, [Detail] ===== Request start =====
2023/12/6 上午12:19:33 [RECOG-SYS] info: [Url] /loggerNormal, [Method] GET, [Detail] ===== Request End =====
2023/12/6 上午12:19:33 [RECOG-SYS] info: [Url] /sheet/getdata?sheetID=1WvnyaR9E9Aefab02Bwnx5rs-1FGPfSjBcFs8Xbd2P1Y&range=managerList, [Method] GET, [Detail] ===== Request start =====
2023/12/6 上午12:19:33 [RECOG-SYS] info: [Url] /sheet/getdata?sheetID=1WvnyaR9E9Aefab02Bwnx5rs-1FGPfSjBcFs8Xbd2P1Y&range=managerList, [Method] GET, [Detail] ===== Request End =====
2023/12/6 上午12:20:29 [RECOG-SYS] info: [Detail] ===== GoogleSheet module is loading. =====
2023/12/6 上午12:20:29 [RECOG-SYS] info: [Detail] Listening on http://localhost:3000
2023/12/6 上午12:20:49 [RECOG-SYS] info: [Detail] ===== GoogleSheet module is loading. =====
2023/12/6 上午12:20:49 [RECOG-SYS] info: [Detail] Listening on http://localhost:3000
2023/12/6 上午12:20:51 [RECOG-SYS] info: [Url] /loggerNormal, [Method] GET, [Detail] ===== Request start =====
2023/12/6 上午12:20:51 [RECOG-SYS] info: [Url] /loggerNormal, [Method] GET, [Detail] ===== Request End =====
2023/12/6 上午12:20:51 [RECOG-SYS] info: [Url] /sheet/getdata?sheetID=1WvnyaR9E9Aefab02Bwnx5rs-1FGPfSjBcFs8Xbd2P1Y&range=managerList, [Method] GET, [Detail] ===== Request start =====
2023/12/6 上午12:20:51 [RECOG-SYS] info: [Detail] {"sheetID":"1WvnyaR9E9Aefab02Bwnx5rs-1FGPfSjBcFs8Xbd2P1Y","range":"managerList"}
2023/12/6 上午12:20:51 [RECOG-SYS] info: [Detail] {"spreadsheetId":"1WvnyaR9E9Aefab02Bwnx5rs-1FGPfSjBcFs8Xbd2P1Y","range":"managerList"}
2023/12/6 上午12:20:52 [RECOG-SYS] info: [Url] /sheet/getdata?sheetID=1WvnyaR9E9Aefab02Bwnx5rs-1FGPfSjBcFs8Xbd2P1Y&range=managerList, [Method] GET, [Detail] ===== Request End =====
2023/12/6 上午12:38:23 [RECOG-SYS] info: [Url] /loggerNormal, [Method] GET, [Detail] ===== Request start =====
2023/12/6 上午12:38:23 [RECOG-SYS] info: [Url] /loggerNormal, [Method] GET, [Detail] ===== Request End =====
2023/12/6 上午12:38:23 [RECOG-SYS] info: [Url] /sheet/getdata?sheetID=1WvnyaR9E9Aefab02Bwnx5rs-1FGPfSjBcFs8Xbd2P1Y&range=managerList, [Method] GET, [Detail] ===== Request start =====
2023/12/6 上午12:38:23 [RECOG-SYS] info: [Detail] {"sheetID":"1WvnyaR9E9Aefab02Bwnx5rs-1FGPfSjBcFs8Xbd2P1Y","range":"managerList"}
2023/12/6 上午12:38:23 [RECOG-SYS] info: [Detail] {"spreadsheetId":"1WvnyaR9E9Aefab02Bwnx5rs-1FGPfSjBcFs8Xbd2P1Y","range":"managerList"}
2023/12/6 上午12:38:23 [RECOG-SYS] info: [Url] /sheet/getdata?sheetID=1WvnyaR9E9Aefab02Bwnx5rs-1FGPfSjBcFs8Xbd2P1Y&range=managerList, [Method] GET, [Detail] ===== Request start =====
2023/12/6 上午12:38:23 [RECOG-SYS] info: [Detail] {"sheetID":"1WvnyaR9E9Aefab02Bwnx5rs-1FGPfSjBcFs8Xbd2P1Y","range":"managerList"}
2023/12/6 上午12:38:23 [RECOG-SYS] info: [Detail] {"spreadsheetId":"1WvnyaR9E9Aefab02Bwnx5rs-1FGPfSjBcFs8Xbd2P1Y","range":"managerList"}
2023/12/6 上午12:38:24 [RECOG-SYS] info: [Url] /sheet/getdata?sheetID=1WvnyaR9E9Aefab02Bwnx5rs-1FGPfSjBcFs8Xbd2P1Y&range=managerList, [Method] GET, [Detail] ===== Request End =====
2023/12/6 上午12:38:24 [RECOG-SYS] info: [Url] /sheet/getdata?sheetID=1WvnyaR9E9Aefab02Bwnx5rs-1FGPfSjBcFs8Xbd2P1Y&range=managerList, [Method] GET, [Detail] ===== Request End =====
2023/12/6 上午12:38:26 [RECOG-SYS] info: [Url] /loggerNormal, [Method] GET, [Detail] ===== Request start =====
2023/12/6 上午12:38:26 [RECOG-SYS] info: [Url] /loggerNormal, [Method] GET, [Detail] ===== Request End =====
2023/12/6 上午12:38:26 [RECOG-SYS] info: [Url] /sheet/getdata?sheetID=1WvnyaR9E9Aefab02Bwnx5rs-1FGPfSjBcFs8Xbd2P1Y&range=managerList, [Method] GET, [Detail] ===== Request start =====
2023/12/6 上午12:38:26 [RECOG-SYS] info: [Detail] {"sheetID":"1WvnyaR9E9Aefab02Bwnx5rs-1FGPfSjBcFs8Xbd2P1Y","range":"managerList"}
2023/12/6 上午12:38:26 [RECOG-SYS] info: [Detail] {"spreadsheetId":"1WvnyaR9E9Aefab02Bwnx5rs-1FGPfSjBcFs8Xbd2P1Y","range":"managerList"}
2023/12/6 上午12:38:26 [RECOG-SYS] info: [Url] /sheet/getdata?sheetID=1WvnyaR9E9Aefab02Bwnx5rs-1FGPfSjBcFs8Xbd2P1Y&range=managerList, [Method] GET, [Detail] ===== Request start =====
2023/12/6 上午12:38:26 [RECOG-SYS] info: [Detail] {"sheetID":"1WvnyaR9E9Aefab02Bwnx5rs-1FGPfSjBcFs8Xbd2P1Y","range":"managerList"}
2023/12/6 上午12:38:26 [RECOG-SYS] info: [Detail] {"spreadsheetId":"1WvnyaR9E9Aefab02Bwnx5rs-1FGPfSjBcFs8Xbd2P1Y","range":"managerList"}
2023/12/6 上午12:38:27 [RECOG-SYS] info: [Url] /sheet/getdata?sheetID=1WvnyaR9E9Aefab02Bwnx5rs-1FGPfSjBcFs8Xbd2P1Y&range=managerList, [Method] GET, [Detail] ===== Request End =====
2023/12/6 上午12:38:27 [RECOG-SYS] info: [Url] /sheet/getdata?sheetID=1WvnyaR9E9Aefab02Bwnx5rs-1FGPfSjBcFs8Xbd2P1Y&range=managerList, [Method] GET, [Detail] ===== Request End =====
2023/12/6 上午12:39:23 [RECOG-SYS] info: [Url] /loggerNormal, [Method] GET, [Detail] ===== Request start =====
2023/12/6 上午12:39:23 [RECOG-SYS] info: [Url] /loggerNormal, [Method] GET, [Detail] ===== Request End =====
2023/12/6 上午12:39:23 [RECOG-SYS] info: [Url] /sheet/getdata?sheetID=1WvnyaR9E9Aefab02Bwnx5rs-1FGPfSjBcFs8Xbd2P1Y&range=managerList, [Method] GET, [Detail] ===== Request start =====
2023/12/6 上午12:39:23 [RECOG-SYS] info: [Detail] {"sheetID":"1WvnyaR9E9Aefab02Bwnx5rs-1FGPfSjBcFs8Xbd2P1Y","range":"managerList"}
2023/12/6 上午12:39:23 [RECOG-SYS] info: [Detail] {"spreadsheetId":"1WvnyaR9E9Aefab02Bwnx5rs-1FGPfSjBcFs8Xbd2P1Y","range":"managerList"}
2023/12/6 上午12:39:23 [RECOG-SYS] info: [Url] /sheet/getdata?sheetID=1WvnyaR9E9Aefab02Bwnx5rs-1FGPfSjBcFs8Xbd2P1Y&range=managerList, [Method] PUT, [Detail] ===== Request start =====
2023/12/6 上午12:39:23 [RECOG-SYS] info: [Url] /sheet/getdata?sheetID=1WvnyaR9E9Aefab02Bwnx5rs-1FGPfSjBcFs8Xbd2P1Y&range=managerList, [Method] PUT, [Detail] ===== Request End =====
2023/12/6 上午12:39:24 [RECOG-SYS] info: [Url] /sheet/getdata?sheetID=1WvnyaR9E9Aefab02Bwnx5rs-1FGPfSjBcFs8Xbd2P1Y&range=managerList, [Method] GET, [Detail] ===== Request End =====
2023/12/6 上午12:41:35 [RECOG-SYS] info: [Url] /loggerNormal, [Method] GET, [Detail] ===== Request start =====
2023/12/6 上午12:41:35 [RECOG-SYS] info: [Url] /loggerNormal, [Method] GET, [Detail] ===== Request End =====
2023/12/6 上午12:41:35 [RECOG-SYS] info: [Url] /sheet/getdata?sheetID=1WvnyaR9E9Aefab02Bwnx5rs-1FGPfSjBcFs8Xbd2P1Y&range=managerList, [Method] GET, [Detail] ===== Request start =====
2023/12/6 上午12:41:35 [RECOG-SYS] info: [Detail] {"sheetID":"1WvnyaR9E9Aefab02Bwnx5rs-1FGPfSjBcFs8Xbd2P1Y","range":"managerList"}
2023/12/6 上午12:41:35 [RECOG-SYS] info: [Detail] {"spreadsheetId":"1WvnyaR9E9Aefab02Bwnx5rs-1FGPfSjBcFs8Xbd2P1Y","range":"managerList"}
2023/12/6 上午12:41:36 [RECOG-SYS] info: [Url] /sheet/getdata?sheetID=1WvnyaR9E9Aefab02Bwnx5rs-1FGPfSjBcFs8Xbd2P1Y&range=managerList, [Method] GET, [Detail] ===== Request End =====
2023/12/6 上午12:46:29 [RECOG-SYS] info: [Url] /loggerNormal, [Method] GET, [Detail] ===== Request start =====
2023/12/6 上午12:46:29 [RECOG-SYS] info: [Url] /loggerNormal, [Method] GET, [Detail] ===== Request End =====
2023/12/6 上午12:46:29 [RECOG-SYS] info: [Url] /sheet/getdata?sheetID=1WvnyaR9E9Aefab02Bwnx5rs-1FGPfSjBcFs8Xbd2P1Y&range=managerList, [Method] GET, [Detail] ===== Request start =====
2023/12/6 上午12:46:29 [RECOG-SYS] info: [Detail] {"sheetID":"1WvnyaR9E9Aefab02Bwnx5rs-1FGPfSjBcFs8Xbd2P1Y","range":"managerList"}
2023/12/6 上午12:46:29 [RECOG-SYS] info: [Detail] {"spreadsheetId":"1WvnyaR9E9Aefab02Bwnx5rs-1FGPfSjBcFs8Xbd2P1Y","range":"managerList"}
2023/12/6 上午12:46:30 [RECOG-SYS] info: [Url] /sheet/getdata?sheetID=1WvnyaR9E9Aefab02Bwnx5rs-1FGPfSjBcFs8Xbd2P1Y&range=managerList, [Method] GET, [Detail] ===== Request End =====
2023/12/6 上午12:47:20 [RECOG-SYS] info: [Url] /loggerNormal, [Method] GET, [Detail] ===== Request start =====
2023/12/6 上午12:47:20 [RECOG-SYS] info: [Url] /loggerNormal, [Method] GET, [Detail] ===== Request End =====
2023/12/6 上午12:47:20 [RECOG-SYS] info: [Url] /sheet/getdata?sheetID=1WvnyaR9E9Aefab02Bwnx5rs-1FGPfSjBcFs8Xbd2P1Y&range=managerList, [Method] GET, [Detail] ===== Request start =====
2023/12/6 上午12:47:20 [RECOG-SYS] info: [Detail] {"sheetID":"1WvnyaR9E9Aefab02Bwnx5rs-1FGPfSjBcFs8Xbd2P1Y","range":"managerList"}
2023/12/6 上午12:47:20 [RECOG-SYS] info: [Detail] {"spreadsheetId":"1WvnyaR9E9Aefab02Bwnx5rs-1FGPfSjBcFs8Xbd2P1Y","range":"managerList"}
2023/12/6 上午12:47:21 [RECOG-SYS] info: [Url] /sheet/getdata?sheetID=1WvnyaR9E9Aefab02Bwnx5rs-1FGPfSjBcFs8Xbd2P1Y&range=managerList, [Method] GET, [Detail] ===== Request End =====
2023/12/6 上午12:47:51 [RECOG-SYS] info: [Url] /loggerNormal, [Method] GET, [Detail] ===== Request start =====
2023/12/6 上午12:47:51 [RECOG-SYS] info: [Url] /loggerNormal, [Method] GET, [Detail] ===== Request End =====
2023/12/6 上午12:47:51 [RECOG-SYS] info: [Url] /sheet/getdata?sheetID=1WvnyaR9E9Aefab02Bwnx5rs-1FGPfSjBcFs8Xbd2P1Y&range=managerList, [Method] GET, [Detail] ===== Request start =====
2023/12/6 上午12:47:51 [RECOG-SYS] info: [Detail] {"sheetID":"1WvnyaR9E9Aefab02Bwnx5rs-1FGPfSjBcFs8Xbd2P1Y","range":"managerList"}
2023/12/6 上午12:47:51 [RECOG-SYS] info: [Detail] {"spreadsheetId":"1WvnyaR9E9Aefab02Bwnx5rs-1FGPfSjBcFs8Xbd2P1Y","range":"managerList"}
2023/12/6 上午12:47:51 [RECOG-SYS] info: [Url] /sheet/updatedata, [Method] PUT, [Detail] ===== Request start =====
2023/12/6 上午12:47:51 [RECOG-SYS] info: [Url] /sheet/updatedata, [Method] PUT, [Detail] ===== Request End =====
2023/12/6 上午12:47:52 [RECOG-SYS] info: [Url] /sheet/getdata?sheetID=1WvnyaR9E9Aefab02Bwnx5rs-1FGPfSjBcFs8Xbd2P1Y&range=managerList, [Method] GET, [Detail] ===== Request End =====
2023/12/6 上午12:48:03 [RECOG-SYS] info: [Url] /loggerNormal, [Method] GET, [Detail] ===== Request start =====
2023/12/6 上午12:48:03 [RECOG-SYS] info: [Url] /loggerNormal, [Method] GET, [Detail] ===== Request End =====
2023/12/6 上午12:48:03 [RECOG-SYS] info: [Url] /sheet/getdata?sheetID=1WvnyaR9E9Aefab02Bwnx5rs-1FGPfSjBcFs8Xbd2P1Y&range=managerList, [Method] GET, [Detail] ===== Request start =====
2023/12/6 上午12:48:03 [RECOG-SYS] info: [Detail] {"sheetID":"1WvnyaR9E9Aefab02Bwnx5rs-1FGPfSjBcFs8Xbd2P1Y","range":"managerList"}
2023/12/6 上午12:48:03 [RECOG-SYS] info: [Detail] {"spreadsheetId":"1WvnyaR9E9Aefab02Bwnx5rs-1FGPfSjBcFs8Xbd2P1Y","range":"managerList"}
2023/12/6 上午12:48:03 [RECOG-SYS] info: [Url] /sheet/updatedata, [Method] PUT, [Detail] ===== Request start =====
2023/12/6 上午12:48:03 [RECOG-SYS] info: [Url] /sheet/updatedata, [Method] PUT, [Detail] ===== Request End =====
2023/12/6 上午12:48:04 [RECOG-SYS] info: [Url] /sheet/getdata?sheetID=1WvnyaR9E9Aefab02Bwnx5rs-1FGPfSjBcFs8Xbd2P1Y&range=managerList, [Method] GET, [Detail] ===== Request End =====
2023/12/6 上午12:48:52 [RECOG-SYS] info: [Detail] ===== GoogleSheet module is loading. =====
2023/12/6 上午12:48:52 [RECOG-SYS] info: [Detail] Listening on http://localhost:3000
2023/12/6 上午12:48:54 [RECOG-SYS] info: [Url] /loggerNormal, [Method] GET, [Detail] ===== Request start =====
2023/12/6 上午12:48:54 [RECOG-SYS] info: [Url] /loggerNormal, [Method] GET, [Detail] ===== Request End =====
2023/12/6 上午12:48:54 [RECOG-SYS] info: [Url] /sheet/getdata?sheetID=1WvnyaR9E9Aefab02Bwnx5rs-1FGPfSjBcFs8Xbd2P1Y&range=managerList, [Method] GET, [Detail] ===== Request start =====
2023/12/6 上午12:48:54 [RECOG-SYS] info: [Detail] {"sheetID":"1WvnyaR9E9Aefab02Bwnx5rs-1FGPfSjBcFs8Xbd2P1Y","range":"managerList"}
2023/12/6 上午12:48:54 [RECOG-SYS] info: [Detail] {"spreadsheetId":"1WvnyaR9E9Aefab02Bwnx5rs-1FGPfSjBcFs8Xbd2P1Y","range":"managerList"}
2023/12/6 上午12:48:55 [RECOG-SYS] info: [Url] /sheet/updatedata, [Method] PUT, [Detail] ===== Request start =====
2023/12/6 上午12:48:55 [RECOG-SYS] info: [Detail] {}
2023/12/6 上午12:48:55 [RECOG-SYS] error: [Detail] Error: Missing required parameters: spreadsheetId, range
2023/12/6 上午12:48:55 [RECOG-SYS] info: [Url] /sheet/getdata?sheetID=1WvnyaR9E9Aefab02Bwnx5rs-1FGPfSjBcFs8Xbd2P1Y&range=managerList, [Method] GET, [Detail] ===== Request End =====
2023/12/6 上午12:51:33 [RECOG-SYS] info: [Url] /loggerNormal, [Method] GET, [Detail] ===== Request start =====
2023/12/6 上午12:51:33 [RECOG-SYS] info: [Url] /loggerNormal, [Method] GET, [Detail] ===== Request End =====
2023/12/6 上午12:51:33 [RECOG-SYS] info: [Url] /sheet/getdata?sheetID=1WvnyaR9E9Aefab02Bwnx5rs-1FGPfSjBcFs8Xbd2P1Y&range=managerList, [Method] GET, [Detail] ===== Request start =====
2023/12/6 上午12:51:33 [RECOG-SYS] info: [Detail] {"sheetID":"1WvnyaR9E9Aefab02Bwnx5rs-1FGPfSjBcFs8Xbd2P1Y","range":"managerList"}
2023/12/6 上午12:51:33 [RECOG-SYS] info: [Detail] {"spreadsheetId":"1WvnyaR9E9Aefab02Bwnx5rs-1FGPfSjBcFs8Xbd2P1Y","range":"managerList"}
2023/12/6 上午12:51:33 [RECOG-SYS] info: [Url] /sheet/updatedata, [Method] PUT, [Detail] ===== Request start =====
2023/12/6 上午12:51:33 [RECOG-SYS] info: [Detail] {"sheetID":"1WvnyaR9E9Aefab02Bwnx5rs-1FGPfSjBcFs8Xbd2P1Y","range":"'eplyList'!A2:C2","valueInputOpt":1,"values":[["apple","apple2","apple3"]]}
2023/12/6 上午12:51:34 [RECOG-SYS] info: [Url] /sheet/getdata?sheetID=1WvnyaR9E9Aefab02Bwnx5rs-1FGPfSjBcFs8Xbd2P1Y&range=managerList, [Method] GET, [Detail] ===== Request End =====
2023/12/6 上午12:51:34 [RECOG-SYS] error: [Detail] Error: The caller does not have permission
2023/12/6 上午12:51:38 [RECOG-SYS] info: [Url] /loggerNormal, [Method] GET, [Detail] ===== Request start =====
2023/12/6 上午12:51:38 [RECOG-SYS] info: [Url] /loggerNormal, [Method] GET, [Detail] ===== Request End =====
2023/12/6 上午12:51:38 [RECOG-SYS] info: [Url] /sheet/getdata?sheetID=1WvnyaR9E9Aefab02Bwnx5rs-1FGPfSjBcFs8Xbd2P1Y&range=managerList, [Method] GET, [Detail] ===== Request start =====
2023/12/6 上午12:51:38 [RECOG-SYS] info: [Detail] {"sheetID":"1WvnyaR9E9Aefab02Bwnx5rs-1FGPfSjBcFs8Xbd2P1Y","range":"managerList"}
2023/12/6 上午12:51:38 [RECOG-SYS] info: [Detail] {"spreadsheetId":"1WvnyaR9E9Aefab02Bwnx5rs-1FGPfSjBcFs8Xbd2P1Y","range":"managerList"}
2023/12/6 上午12:51:38 [RECOG-SYS] info: [Url] /sheet/updatedata, [Method] PUT, [Detail] ===== Request start =====
2023/12/6 上午12:51:38 [RECOG-SYS] info: [Detail] {"sheetID":"1WvnyaR9E9Aefab02Bwnx5rs-1FGPfSjBcFs8Xbd2P1Y","range":"'eplyList'!A2:C2","valueInputOpt":1,"values":[["apple","apple2","apple3"]]}
2023/12/6 上午12:51:39 [RECOG-SYS] info: [Url] /sheet/getdata?sheetID=1WvnyaR9E9Aefab02Bwnx5rs-1FGPfSjBcFs8Xbd2P1Y&range=managerList, [Method] GET, [Detail] ===== Request End =====
2023/12/6 上午12:51:39 [RECOG-SYS] error: [Detail] Error: The caller does not have permission
2023/12/6 上午12:53:53 [RECOG-SYS] info: [Url] /loggerNormal, [Method] GET, [Detail] ===== Request start =====
2023/12/6 上午12:53:53 [RECOG-SYS] info: [Url] /loggerNormal, [Method] GET, [Detail] ===== Request End =====
2023/12/6 上午12:53:53 [RECOG-SYS] info: [Url] /sheet/getdata?sheetID=1WvnyaR9E9Aefab02Bwnx5rs-1FGPfSjBcFs8Xbd2P1Y&range=managerList, [Method] GET, [Detail] ===== Request start =====
2023/12/6 上午12:53:53 [RECOG-SYS] info: [Detail] {"sheetID":"1WvnyaR9E9Aefab02Bwnx5rs-1FGPfSjBcFs8Xbd2P1Y","range":"managerList"}
2023/12/6 上午12:53:53 [RECOG-SYS] info: [Detail] {"spreadsheetId":"1WvnyaR9E9Aefab02Bwnx5rs-1FGPfSjBcFs8Xbd2P1Y","range":"managerList"}
2023/12/6 上午12:53:53 [RECOG-SYS] info: [Url] /sheet/updatedata, [Method] PUT, [Detail] ===== Request start =====
2023/12/6 上午12:53:53 [RECOG-SYS] info: [Detail] {"sheetID":"1WvnyaR9E9Aefab02Bwnx5rs-1FGPfSjBcFs8Xbd2P1Y","range":"'eplyList'!A2:C2","valueInputOpt":1,"values":[["apple","apple2","apple3"]]}
2023/12/6 上午12:53:54 [RECOG-SYS] error: [Detail] Error: The caller does not have permission
2023/12/6 上午12:53:54 [RECOG-SYS] info: [Url] /sheet/getdata?sheetID=1WvnyaR9E9Aefab02Bwnx5rs-1FGPfSjBcFs8Xbd2P1Y&range=managerList, [Method] GET, [Detail] ===== Request End =====
2023/12/6 上午12:55:29 [RECOG-SYS] info: [Detail] ===== GoogleSheet module is loading. =====
2023/12/6 上午12:55:29 [RECOG-SYS] info: [Detail] Listening on http://localhost:3000
2023/12/6 上午12:55:35 [RECOG-SYS] info: [Url] /loggerNormal, [Method] GET, [Detail] ===== Request start =====
2023/12/6 上午12:55:35 [RECOG-SYS] info: [Url] /loggerNormal, [Method] GET, [Detail] ===== Request End =====
2023/12/6 上午12:55:35 [RECOG-SYS] info: [Url] /sheet/getdata?sheetID=1WvnyaR9E9Aefab02Bwnx5rs-1FGPfSjBcFs8Xbd2P1Y&range=managerList, [Method] GET, [Detail] ===== Request start =====
2023/12/6 上午12:55:35 [RECOG-SYS] info: [Detail] {"sheetID":"1WvnyaR9E9Aefab02Bwnx5rs-1FGPfSjBcFs8Xbd2P1Y","range":"managerList"}
2023/12/6 上午12:55:35 [RECOG-SYS] info: [Detail] {"spreadsheetId":"1WvnyaR9E9Aefab02Bwnx5rs-1FGPfSjBcFs8Xbd2P1Y","range":"managerList"}
2023/12/6 上午12:55:35 [RECOG-SYS] info: [Url] /sheet/updatedata, [Method] PUT, [Detail] ===== Request start =====
2023/12/6 上午12:55:35 [RECOG-SYS] info: [Detail] {"sheetID":"1WvnyaR9E9Aefab02Bwnx5rs-1FGPfSjBcFs8Xbd2P1Y","range":"'eplyList'!A2:C2","valueInputOpt":1,"values":[["apple","apple2","apple3"]]}
2023/12/6 上午12:55:36 [RECOG-SYS] error: [Detail] [Final Trigger]
2023/12/6 上午12:55:36 [RECOG-SYS] error: [Detail] Error: The caller does not have permission
2023/12/6 上午12:55:36 [RECOG-SYS] info: [Url] /sheet/getdata?sheetID=1WvnyaR9E9Aefab02Bwnx5rs-1FGPfSjBcFs8Xbd2P1Y&range=managerList, [Method] GET, [Detail] ===== Request End =====
2023/12/6 上午12:59:16 [RECOG-SYS] info: [Url] /loggerNormal, [Method] GET, [Detail] ===== Request start =====
2023/12/6 上午12:59:16 [RECOG-SYS] info: [Url] /loggerNormal, [Method] GET, [Detail] ===== Request End =====
2023/12/6 上午12:59:16 [RECOG-SYS] info: [Url] /sheet/getdata?sheetID=1WvnyaR9E9Aefab02Bwnx5rs-1FGPfSjBcFs8Xbd2P1Y&range=managerList, [Method] GET, [Detail] ===== Request start =====
2023/12/6 上午12:59:16 [RECOG-SYS] info: [Detail] {"sheetID":"1WvnyaR9E9Aefab02Bwnx5rs-1FGPfSjBcFs8Xbd2P1Y","range":"managerList"}
2023/12/6 上午12:59:16 [RECOG-SYS] info: [Detail] {"spreadsheetId":"1WvnyaR9E9Aefab02Bwnx5rs-1FGPfSjBcFs8Xbd2P1Y","range":"managerList"}
2023/12/6 上午12:59:16 [RECOG-SYS] info: [Url] /sheet/updatedata, [Method] PUT, [Detail] ===== Request start =====
2023/12/6 上午12:59:16 [RECOG-SYS] info: [Detail] {"sheetID":"1WvnyaR9E9Aefab02Bwnx5rs-1FGPfSjBcFs8Xbd2P1Y","range":"'eplyList'!A2:C2","valueInputOpt":1,"values":[["apple","apple2","apple3"]]}
2023/12/6 上午12:59:17 [RECOG-SYS] info: [Url] /sheet/updatedata, [Method] PUT, [Detail] ===== Request End =====
2023/12/6 上午12:59:17 [RECOG-SYS] info: [Url] /sheet/getdata?sheetID=1WvnyaR9E9Aefab02Bwnx5rs-1FGPfSjBcFs8Xbd2P1Y&range=managerList, [Method] GET, [Detail] ===== Request End =====
2023/12/6 上午1:01:20 [RECOG-SYS] info: [Detail] ===== GoogleSheet module is loading. =====
2023/12/6 上午1:01:20 [RECOG-SYS] info: [Detail] Listening on http://localhost:3000
2023/12/6 上午1:01:24 [RECOG-SYS] info: [Url] /loggerNormal, [Method] GET, [Detail] ===== Request start =====
2023/12/6 上午1:01:24 [RECOG-SYS] info: [Url] /loggerNormal, [Method] GET, [Detail] ===== Request End =====
2023/12/6 上午1:01:24 [RECOG-SYS] info: [Url] /sheet/getdata?sheetID=1WvnyaR9E9Aefab02Bwnx5rs-1FGPfSjBcFs8Xbd2P1Y&range=managerList, [Method] GET, [Detail] ===== Request start =====
2023/12/6 上午1:01:24 [RECOG-SYS] info: [Detail] {"sheetID":"1WvnyaR9E9Aefab02Bwnx5rs-1FGPfSjBcFs8Xbd2P1Y","range":"managerList"}
2023/12/6 上午1:01:24 [RECOG-SYS] info: [Detail] {"spreadsheetId":"1WvnyaR9E9Aefab02Bwnx5rs-1FGPfSjBcFs8Xbd2P1Y","range":"managerList"}
2023/12/6 上午1:01:24 [RECOG-SYS] info: [Url] /sheet/updatedata, [Method] PUT, [Detail] ===== Request start =====
2023/12/6 上午1:01:24 [RECOG-SYS] info: [Detail] {"sheetID":"1WvnyaR9E9Aefab02Bwnx5rs-1FGPfSjBcFs8Xbd2P1Y","range":"'eplyList'!A2:C2","valueInputOpt":1,"values":[["apple","apple2","apple3"]]}
2023/12/6 上午1:01:25 [RECOG-SYS] info: [Url] /sheet/updatedata, [Method] PUT, [Detail] ===== Request End =====
2023/12/6 上午1:01:25 [RECOG-SYS] info: [Url] /sheet/getdata?sheetID=1WvnyaR9E9Aefab02Bwnx5rs-1FGPfSjBcFs8Xbd2P1Y&range=managerList, [Method] GET, [Detail] ===== Request End =====
